
--- NEW SESSION: 20/07/2023 14:16:52 ---
//LocalMinDistance.contactDistance = 1e-06
//LocalMinDistance.contactDistance = 1e-06
//LocalMinDistance.contactDistance = 1e-06
/Floor/mstate.listening = 0
/Floor/mstate.printLog = 0
/Floor/mstate.restScale = 1
/Floor/mstate.size = 1
/Floor/mstate.position = 0.2 0.12 0 0 0 0 1
/Floor/mstate.reset_position = 0.05 0.03 0 0 0 0 1
/Floor/mstate.rest_position = 0.05 0.03 0 0 0 0 1
/Floor/mstate.constraint = 0 1 0 4.44089e-15 -1 0 0 0 -4.95  
1 1 0 1.97215e-29 8.75812e-44 -1 0.25188 4.95 4.96746e-30  
2 1 0 -1 -4.44089e-15 -1.97215e-29 6.31089e-30 0 -0.25188  
3 1 0 8.8733e-15 -1 3.32749e-15 0.718397 2.0797e-14 4.33432  
4 1 0 3.32749e-15 -3.32749e-15 -1 0.25188 -4.33432 1.52605e-14  
5 1 0 -1 -8.8733e-15 -3.32749e-15 7.21268e-15 -0.718397 -0.25188  
6 1 0 4.44086e-15 -1 1.33226e-14 0.84374 6.35484e-14 4.48873  
7 1 0 1.33226e-14 -1.33226e-14 -1 0.25188 -4.48873 6.31572e-14  
8 1 0 -1 -4.44086e-15 -1.33226e-14 7.10262e-15 -0.84374 -0.25188  
9 1 0 8.88171e-15 -1 1.11021e-14 0.563735 5.1744e-14 4.20973  
10 1 0 1.11021e-14 -1.11021e-14 -1 0.25188 -4.20973 4.95334e-14  
11 1 0 -1 -8.88171e-15 -1.11021e-14 7.80333e-15 -0.563735 -0.25188  
12 1 0 4.44085e-15 -1 8.32659e-15 0.389406 3.5995e-14 4.11522  
13 1 0 8.32659e-15 -8.32659e-15 -1 0.25188 -4.11522 3.6363e-14  
14 1 0 -1 -4.44085e-15 -8.32659e-15 3.82659e-15 -0.389406 -0.25188  
15 1 0 -4.44086e-15 -1 -9.85315e-15 0.198757 -4.08608e-14 4.0574  
16 1 0 -9.85315e-15 9.85315e-15 -1 0.25188 -4.0574 -4.246e-14  
17 1 0 -1 4.44086e-15 9.85315e-15 -3.36446e-15 -0.198757 -0.25188  
18 1 0 4.57664e-15 -1 -6.57892e-15 0.2595 -2.83057e-14 4.483  
19 1 0 -6.57892e-15 6.57892e-15 -1 0.25188 -4.483 -3.11504e-14  
20 1 0 -1 -4.57664e-15 6.57892e-15 -4.69458e-16 -0.2595 -0.25188  
21 1 0 0 -1 3.4423e-15 0.456882 1.47866e-14 4.29556  
22 1 0 3.4423e-15 -3.4423e-15 -1 0.25188 -4.29556 1.56536e-14  
23 1 0 -1 -1.18494e-29 -3.4423e-15 8.67046e-16 -0.456882 -0.25188  
24 1 0 0 -1 -9.99231e-15 0.93864 -4.65958e-14 4.66317  
25 1 0 -9.99231e-15 9.99231e-15 -1 0.25188 -4.66317 -4.91127e-14  
26 1 0 -1 -9.98463e-29 9.99231e-15 -2.51686e-15 -0.93864 -0.25188  
27 1 0 9.14071e-15 -1 -1.37111e-14 0.798135 -6.197e-14 5.0518  
28 1 0 -1.37111e-14 1.37111e-14 -1 0.25188 -5.0518 -7.27191e-14  
29 1 0 -1 -9.14071e-15 1.37111e-14 3.84198e-15 -0.798135 -0.25188  
30 1 0 4.44109e-15 -1 1.33233e-14 1.01531 7.18166e-14 5.05188  
31 1 0 1.33233e-14 -1.33233e-14 -1 0.25188 -5.05188 7.06634e-14  
32 1 0 -1 -4.44109e-15 -1.33233e-14 7.86494e-15 -1.01531 -0.25188  
33 1 0 0 -1 -7.77189e-15 0.996595 -3.77245e-14 4.85397  
34 1 0 -7.77189e-15 7.77189e-15 -1 0.25188 -4.85397 -3.96821e-14  
35 1 0 -1 -6.04023e-29 7.77189e-15 -1.95758e-15 -0.996595 -0.25188  
36 1 0 9.15128e-15 -1 -1.14391e-15 0.737136 1.50476e-15 4.58164  
37 1 0 -1.14391e-15 1.14391e-15 -1 0.25188 -4.58164 -5.52911e-15  
38 1 0 -1 -9.15128e-15 1.14391e-15 6.45761e-15 -0.737136 -0.25188  
39 1 0 -9.35496e-15 -1 4.09279e-15 0.28035 1.80566e-14 5.05261  
40 1 0 4.09279e-15 -4.09279e-15 -1 0.25188 -5.05261 2.17102e-14  
41 1 0 -1 9.35496e-15 -4.09279e-15 -1.59176e-15 -0.28035 -0.25188  
42 1 0 4.55452e-15 -1 -1.70795e-15 0.541224 -5.69497e-15 4.77766  
43 1 0 -1.70795e-15 1.70795e-15 -1 0.25188 -4.77766 -8.59019e-15  
44 1 0 -1 -4.55452e-15 1.70795e-15 2.03482e-15 -0.541224 -0.25188  
45 1 0 4.62849e-15 -1 3.47137e-15 0.735665 2.25766e-14 5.52277  
46 1 0 3.47137e-15 -3.47137e-15 -1 0.25188 -5.52277 2.0046e-14  
47 1 0 -1 -4.62849e-15 -3.47137e-15 4.27939e-15 -0.735665 -0.25188  
48 1 0 -4.69682e-15 -1 1.11549e-14 0.539037 5.68955e-14 5.32743  
49 1 0 1.11549e-14 -1.11549e-14 -1 0.25188 -5.32743 6.22369e-14  
50 1 0 -1 4.69682e-15 -1.11549e-14 2.77947e-16 -0.539037 -0.25188  
51 1 0 0 -1 -5.68973e-15 0.196672 -3.44066e-14 6.04714  
52 1 0 -5.68973e-15 5.68973e-15 -1 0.25188 -6.04714 -3.58397e-14  
53 1 0 -1 -3.23731e-29 5.68973e-15 -1.43313e-15 -0.196672 -0.25188  
54 1 0 -9.24488e-15 -1 5.48915e-15 0.257639 2.84821e-14 5.62271  
55 1 0 5.48915e-15 -5.48915e-15 -1 0.25188 -5.62271 3.22465e-14  
56 1 0 -1 9.24488e-15 -5.48915e-15 -9.99239e-16 -0.257639 -0.25188  
57 1 0 0 -1 6.10609e-15 0.936247 3.3215e-14 5.43966  
58 1 0 6.10609e-15 -6.10609e-15 -1 0.25188 -5.43966 3.4753e-14  
59 1 0 -1 -3.72844e-29 -6.10609e-15 1.538e-15 -0.936247 -0.25188  
60 1 0 -1.33223e-14 -1 1.83182e-14 0.995308 8.29036e-14 5.24962  
61 1 0 1.83182e-14 -1.83182e-14 -1 0.25188 -5.24962 1.00777e-13  
62 1 0 -1 1.33223e-14 -1.83182e-14 -8.64582e-15 -0.995308 -0.25188  
63 1 0 4.44068e-15 -1 -6.10593e-15 0.842399 -3.05445e-14 5.61508  
64 1 0 -6.10593e-15 6.10593e-15 -1 0.25188 -5.61508 -3.58233e-14  
65 1 0 -1 -4.44068e-15 6.10593e-15 2.20286e-15 -0.842399 -0.25188  
66 1 0 4.4407e-15 -1 -8.88139e-15 0.716536 -4.80565e-14 5.76919  
67 1 0 -8.88139e-15 8.88139e-15 -1 0.25188 -5.76919 -5.34754e-14  
68 1 0 -1 -4.4407e-15 8.88139e-15 9.44875e-16 -0.716536 -0.25188  
69 1 0 0 -1 1.44321e-14 0.387311 8.64295e-14 5.98869  
70 1 0 1.44321e-14 -1.44321e-14 -1 0.25188 -5.98869 9.00647e-14  
71 1 0 -1 -2.08286e-28 -1.44321e-14 3.63516e-15 -0.387311 -0.25188  
72 1 0 -1.38265e-14 -1 1.6419e-14 0.455577 8.90852e-14 5.80938  
73 1 0 1.6419e-14 -1.6419e-14 -1 0.25188 -5.80938 9.95199e-14  
74 1 0 -1 1.38265e-14 -1.6419e-14 -2.16343e-15 -0.455577 -0.25188  
75 1 0 8.88138e-15 -1 -1.05466e-14 0.562294 -5.71756e-14 5.89472  
76 1 0 -1.05466e-14 1.05466e-14 -1 0.25188 -5.89472 -6.4826e-14  
77 1 0 -1 -8.88138e-15 1.05466e-14 2.33746e-15 -0.562294 -0.25188  
78 1 0 -4.44098e-15 -1 8.32683e-15 -0.561488 3.75356e-14 4.20832  
79 1 0 8.32683e-15 -8.32683e-15 -1 0.25188 -4.20832 3.71394e-14  
80 1 0 -1 4.44098e-15 -8.32683e-15 4.59092e-15 0.561488 -0.25188  
81 1 0 -4.44102e-15 -1 8.74326e-15 -0.196445 3.63311e-14 4.05555  
82 1 0 8.74326e-15 -8.74326e-15 -1 0.25188 -4.05555 3.7661e-14  
83 1 0 -1 4.44102e-15 -8.74326e-15 3.07467e-15 0.196445 -0.25188  
84 1 0 2.22051e-15 -1 -1.32211e-14 0.00170776 -5.33824e-14 4.03794  
85 1 0 -1.32211e-14 1.32211e-14 -1 0.25188 -4.03794 -5.67163e-14  
86 1 0 -1 -2.22051e-15 1.32211e-14 -3.32635e-15 -0.00170776 -0.25188  
87 1 0 -9.09825e-15 -1 6.82368e-15 0.00112283 2.88333e-14 4.22697  
88 1 0 6.82368e-15 -6.82368e-15 -1 0.25188 -4.22697 3.05623e-14  
89 1 0 -1 9.09825e-15 -6.82368e-15 1.70853e-15 -0.00112283 -0.25188  
90 1 0 4.44096e-15 -1 -8.04923e-15 -0.386813 -3.48346e-14 4.11428  
91 1 0 -8.04923e-15 8.04923e-15 -1 0.25188 -4.11428 -3.51442e-14  
92 1 0 -1 -4.44096e-15 8.04923e-15 -3.74526e-15 0.386813 -0.25188  
93 1 0 -4.61982e-15 -1 9.81712e-15 -0.256668 4.51719e-14 4.48055  
94 1 0 9.81712e-15 -9.81712e-15 -1 0.25188 -4.48055 4.64589e-14  
95 1 0 -1 4.61982e-15 -9.81712e-15 3.6585e-15 0.256668 -0.25188  
96 1 0 0 -1 -9.99209e-15 -0.715543 -4.32996e-14 4.33339  
97 1 0 -9.99209e-15 9.99209e-15 -1 0.25188 -4.33339 -4.58165e-14  
98 1 0 -1 -9.98419e-29 9.99209e-15 -2.51681e-15 0.715543 -0.25188  
99 1 0 -9.22179e-15 -1 3.45817e-15 -0.45474 1.90421e-14 4.29377  
100 1 0 3.45817e-15 -3.45817e-15 -1 0.25188 -4.29377 1.57196e-14  
101 1 0 -1 9.22179e-15 -3.45817e-15 5.06456e-15 0.45474 -0.25188  
102 1 0 0 -1 1.39005e-14 -0.000158504 6.60345e-14 4.75051  
103 1 0 1.39005e-14 -1.39005e-14 -1 0.25188 -4.75051 6.95357e-14  
104 1 0 -1 -1.93224e-28 -1.39005e-14 3.50126e-15 0.000158504 -0.25188  
105 1 0 0 -1 -1.00116e-14 -0.538583 -4.78081e-14 4.77525  
106 1 0 -1.00116e-14 1.00116e-14 -1 0.25188 -4.77525 -5.03298e-14  
107 1 0 -1 -1.00233e-28 1.00116e-14 -2.52173e-15 0.538583 -0.25188  
108 1 0 -9.26838e-15 -1 -1.10062e-14 -0.735035 -4.35902e-14 4.57949  
109 1 0 -1.10062e-14 1.10062e-14 -1 0.25188 -4.57949 -5.31751e-14  
110 1 0 -1 9.26838e-15 1.10062e-14 4.04034e-15 0.735035 -0.25188  
111 1 0 4.44089e-15 -1 5.55112e-16 -0.841516 -1.24633e-15 4.48694  
112 1 0 5.55112e-16 -5.55112e-16 -1 0.25188 -4.48694 2.63058e-15  
113 1 0 -1 -4.44089e-15 -5.55112e-16 -3.59726e-15 0.841516 -0.25188  
114 1 0 4.44085e-15 -1 -5.55106e-16 -0.994418 -7.10958e-15 4.85226  
115 1 0 -5.55106e-16 5.55106e-16 -1 0.25188 -4.85226 -2.83334e-15  
116 1 0 -1 -4.44085e-15 5.55106e-16 -4.55588e-15 0.994418 -0.25188  
117 1 0 -4.44084e-15 -1 -2.77552e-15 -0.935513 -8.78553e-15 4.66218  
118 1 0 -2.77552e-15 2.77552e-15 -1 0.25188 -4.66218 -1.36391e-14  
119 1 0 -1 4.44084e-15 2.77552e-15 3.45536e-15 0.935513 -0.25188  
120 1 0 8.88116e-15 -1 1.22116e-14 -0.995968 5.52397e-14 5.24788  
121 1 0 1.22116e-14 -1.22116e-14 -1 0.25188 -5.24788 6.71609e-14  
122 1 0 -1 -8.88116e-15 -1.22116e-14 -5.76949e-15 0.995968 -0.25188  
123 1 0 -8.88122e-15 -1 -3.33046e-15 -1.01487 -7.80571e-15 5.05005  
124 1 0 -3.33046e-15 3.33046e-15 -1 0.25188 -5.05005 -1.76579e-14  
125 1 0 -1 8.88122e-15 3.33046e-15 8.17442e-15 1.01487 -0.25188  
126 1 0 4.57467e-15 -1 -4.57467e-15 -0.797523 -2.67529e-14 5.05053  
127 1 0 -4.57467e-15 4.57467e-15 -1 0.25188 -5.05053 -2.42568e-14  
128 1 0 -1 -4.57467e-15 4.57467e-15 -4.80067e-15 0.797523 -0.25188  
129 1 0 4.67057e-15 -1 1.13845e-14 -0.280126 5.62035e-14 5.05176  
130 1 0 1.13845e-14 -1.13845e-14 -1 0.25188 -5.05176 6.03794e-14  
131 1 0 -1 -4.67057e-15 -1.13845e-14 1.55918e-15 0.280126 -0.25188  
132 1 0 1.36588e-14 -1 8.82132e-15 -0.259409 4.60431e-14 5.62119  
133 1 0 8.82132e-15 -8.82132e-15 -1 0.25188 -5.62119 5.18082e-14  
134 1 0 -1 -1.36588e-14 -8.82132e-15 -1.32131e-15 0.259409 -0.25188  
135 1 0 1.39707e-14 -1 4.89794e-15 0.00100464 2.6237e-14 5.35388  
136 1 0 4.89794e-15 -4.89794e-15 -1 0.25188 -5.35388 2.74567e-14  
137 1 0 -1 -1.39707e-14 -4.89794e-15 1.24773e-15 -0.00100464 -0.25188  
138 1 0 -4.57632e-15 -1 -2.28816e-15 -0.736942 -9.26079e-15 5.52115  
139 1 0 -2.28816e-15 2.28816e-15 -1 0.25188 -5.52115 -1.32096e-14  
140 1 0 -1 4.57632e-15 2.28816e-15 2.79614e-15 0.736942 -0.25188  
141 1 0 9.11558e-15 -1 1.31036e-14 -0.540758 6.4858e-14 5.32579  
142 1 0 1.31036e-14 -1.31036e-14 -1 0.25188 -5.32579 7.30878e-14  
143 1 0 -1 -9.11558e-15 -1.31036e-14 -1.62878e-15 0.540758 -0.25188  
144 1 0 0 -1 8.3262e-15 -0.938218 4.5283e-14 5.43861  
145 1 0 8.3262e-15 -8.3262e-15 -1 0.25188 -5.43861 4.73802e-14  
146 1 0 -1 -6.93257e-29 -8.3262e-15 2.0972e-15 0.938218 -0.25188  
147 1 0 0 -1 -8.88134e-15 -0.843707 -4.98562e-14 5.61359  
148 1 0 -8.88134e-15 8.88134e-15 -1 0.25188 -5.61359 -5.20932e-14  
149 1 0 -1 -7.88782e-29 8.88134e-15 -2.23703e-15 0.843707 -0.25188  
150 1 0 4.44102e-15 -1 -4.05937e-15 -0.00158054 -2.46248e-14 6.06442  
151 1 0 -4.05937e-15 4.05937e-15 -1 0.25188 -6.06442 -2.56402e-14  
152 1 0 -1 -4.44102e-15 4.05937e-15 -1.02949e-15 0.00158054 -0.25188  
153 1 0 0 -1 -1.97071e-14 -0.198479 -1.19134e-13 6.04522  
154 1 0 -1.97071e-14 1.97071e-14 -1 0.25188 -6.04522 -1.24097e-13  
155 1 0 -1 -3.88368e-28 1.97071e-14 -4.96381e-15 0.198479 -0.25188  
156 1 0 0 -1 -4.35824e-15 -0.00101138 -2.56073e-14 5.87561  
157 1 0 -4.35824e-15 4.35824e-15 -1 0.25188 -5.87561 -2.67051e-14  
158 1 0 -1 -1.89943e-29 4.35824e-15 -1.09775e-15 0.00101138 -0.25188  
159 1 0 4.55253e-15 -1 -1.19504e-14 -0.456959 -7.14998e-14 5.80897  
160 1 0 -1.19504e-14 1.19504e-14 -1 0.25188 -5.80897 -7.24295e-14  
161 1 0 -1 -4.55253e-15 1.19504e-14 -5.09039e-15 0.456959 -0.25188  
162 1 0 0 -1 -1.38782e-15 -0.389283 -8.31046e-15 5.98816  
163 1 0 -1.38782e-15 1.38782e-15 -1 0.25188 -5.98816 -8.66003e-15  
164 1 0 -1 -1.92603e-30 1.38782e-15 -3.49563e-16 0.389283 -0.25188  
165 1 0 8.87838e-15 -1 -4.43919e-15 -0.718282 -3.19837e-14 5.76829  
166 1 0 -4.43919e-15 4.43919e-15 -1 0.25188 -5.76829 -2.67246e-14  
167 1 0 -1 -8.87838e-15 4.43919e-15 -7.49532e-15 0.718282 -0.25188  
168 1 0 -1.33227e-14 -1 -1.11022e-14 -0.5642 -5.79228e-14 5.89426  
169 1 0 -1.11022e-14 1.11022e-14 -1 0.25188 -5.89426 -6.82359e-14  
170 1 0 -1 1.33227e-14 1.11022e-14 4.72022e-15 0.5642 -0.25188  

/Floor/mstate.showColor = 1 1 1 1
/Floor/mstate.lambda = -9.59981e-05 -99.0803 -5.43317e-05 -0.000226419 -0.000376248 -480.644
/Floor/mstate.constraint = 0 1 0 4.44089e-15 -1 0 0 0 -4.95  
1 1 0 1.97215e-29 8.75812e-44 -1 0.25188 4.95 4.96746e-30  
2 1 0 -1 -4.44089e-15 -1.97215e-29 6.31089e-30 0 -0.25188  
3 1 0 8.8733e-15 -1 3.32749e-15 0.718397 2.0797e-14 4.33432  
4 1 0 3.32749e-15 -3.32749e-15 -1 0.25188 -4.33432 1.52605e-14  
5 1 0 -1 -8.8733e-15 -3.32749e-15 7.21268e-15 -0.718397 -0.25188  
6 1 0 4.44086e-15 -1 1.33226e-14 0.84374 6.35484e-14 4.48873  
7 1 0 1.33226e-14 -1.33226e-14 -1 0.25188 -4.48873 6.31572e-14  
8 1 0 -1 -4.44086e-15 -1.33226e-14 7.10262e-15 -0.84374 -0.25188  
9 1 0 8.88171e-15 -1 1.11021e-14 0.563735 5.1744e-14 4.20973  
10 1 0 1.11021e-14 -1.11021e-14 -1 0.25188 -4.20973 4.95334e-14  
11 1 0 -1 -8.88171e-15 -1.11021e-14 7.80333e-15 -0.563735 -0.25188  
12 1 0 4.44085e-15 -1 8.32659e-15 0.389406 3.5995e-14 4.11522  
13 1 0 8.32659e-15 -8.32659e-15 -1 0.25188 -4.11522 3.6363e-14  
14 1 0 -1 -4.44085e-15 -8.32659e-15 3.82659e-15 -0.389406 -0.25188  
15 1 0 -4.44086e-15 -1 -9.85315e-15 0.198757 -4.08608e-14 4.0574  
16 1 0 -9.85315e-15 9.85315e-15 -1 0.25188 -4.0574 -4.246e-14  
17 1 0 -1 4.44086e-15 9.85315e-15 -3.36446e-15 -0.198757 -0.25188  
18 1 0 4.57664e-15 -1 -6.57892e-15 0.2595 -2.83057e-14 4.483  
19 1 0 -6.57892e-15 6.57892e-15 -1 0.25188 -4.483 -3.11504e-14  
20 1 0 -1 -4.57664e-15 6.57892e-15 -4.69458e-16 -0.2595 -0.25188  
21 1 0 0 -1 3.4423e-15 0.456882 1.47866e-14 4.29556  
22 1 0 3.4423e-15 -3.4423e-15 -1 0.25188 -4.29556 1.56536e-14  
23 1 0 -1 -1.18494e-29 -3.4423e-15 8.67046e-16 -0.456882 -0.25188  
24 1 0 0 -1 -9.99231e-15 0.93864 -4.65958e-14 4.66317  
25 1 0 -9.99231e-15 9.99231e-15 -1 0.25188 -4.66317 -4.91127e-14  
26 1 0 -1 -9.98463e-29 9.99231e-15 -2.51686e-15 -0.93864 -0.25188  
27 1 0 9.14071e-15 -1 -1.37111e-14 0.798135 -6.197e-14 5.0518  
28 1 0 -1.37111e-14 1.37111e-14 -1 0.25188 -5.0518 -7.27191e-14  
29 1 0 -1 -9.14071e-15 1.37111e-14 3.84198e-15 -0.798135 -0.25188  
30 1 0 4.44109e-15 -1 1.33233e-14 1.01531 7.18166e-14 5.05188  
31 1 0 1.33233e-14 -1.33233e-14 -1 0.25188 -5.05188 7.06634e-14  
32 1 0 -1 -4.44109e-15 -1.33233e-14 7.86494e-15 -1.01531 -0.25188  
33 1 0 0 -1 -7.77189e-15 0.996595 -3.77245e-14 4.85397  
34 1 0 -7.77189e-15 7.77189e-15 -1 0.25188 -4.85397 -3.96821e-14  
35 1 0 -1 -6.04023e-29 7.77189e-15 -1.95758e-15 -0.996595 -0.25188  
36 1 0 9.15128e-15 -1 -1.14391e-15 0.737136 1.50476e-15 4.58164  
37 1 0 -1.14391e-15 1.14391e-15 -1 0.25188 -4.58164 -5.52911e-15  
38 1 0 -1 -9.15128e-15 1.14391e-15 6.45761e-15 -0.737136 -0.25188  
39 1 0 -9.35496e-15 -1 4.09279e-15 0.28035 1.80566e-14 5.05261  
40 1 0 4.09279e-15 -4.09279e-15 -1 0.25188 -5.05261 2.17102e-14  
41 1 0 -1 9.35496e-15 -4.09279e-15 -1.59176e-15 -0.28035 -0.25188  
42 1 0 4.55452e-15 -1 -1.70795e-15 0.541224 -5.69497e-15 4.77766  
43 1 0 -1.70795e-15 1.70795e-15 -1 0.25188 -4.77766 -8.59019e-15  
44 1 0 -1 -4.55452e-15 1.70795e-15 2.03482e-15 -0.541224 -0.25188  
45 1 0 4.62849e-15 -1 3.47137e-15 0.735665 2.25766e-14 5.52277  
46 1 0 3.47137e-15 -3.47137e-15 -1 0.25188 -5.52277 2.0046e-14  
47 1 0 -1 -4.62849e-15 -3.47137e-15 4.27939e-15 -0.735665 -0.25188  
48 1 0 -4.69682e-15 -1 1.11549e-14 0.539037 5.68955e-14 5.32743  
49 1 0 1.11549e-14 -1.11549e-14 -1 0.25188 -5.32743 6.22369e-14  
50 1 0 -1 4.69682e-15 -1.11549e-14 2.77947e-16 -0.539037 -0.25188  
51 1 0 0 -1 -5.68973e-15 0.196672 -3.44066e-14 6.04714  
52 1 0 -5.68973e-15 5.68973e-15 -1 0.25188 -6.04714 -3.58397e-14  
53 1 0 -1 -3.23731e-29 5.68973e-15 -1.43313e-15 -0.196672 -0.25188  
54 1 0 -9.24488e-15 -1 5.48915e-15 0.257639 2.84821e-14 5.62271  
55 1 0 5.48915e-15 -5.48915e-15 -1 0.25188 -5.62271 3.22465e-14  
56 1 0 -1 9.24488e-15 -5.48915e-15 -9.99239e-16 -0.257639 -0.25188  
57 1 0 0 -1 6.10609e-15 0.936247 3.3215e-14 5.43966  
58 1 0 6.10609e-15 -6.10609e-15 -1 0.25188 -5.43966 3.4753e-14  
59 1 0 -1 -3.72844e-29 -6.10609e-15 1.538e-15 -0.936247 -0.25188  
60 1 0 -1.33223e-14 -1 1.83182e-14 0.995308 8.29036e-14 5.24962  
61 1 0 1.83182e-14 -1.83182e-14 -1 0.25188 -5.24962 1.00777e-13  
62 1 0 -1 1.33223e-14 -1.83182e-14 -8.64582e-15 -0.995308 -0.25188  
63 1 0 4.44068e-15 -1 -6.10593e-15 0.842399 -3.05445e-14 5.61508  
64 1 0 -6.10593e-15 6.10593e-15 -1 0.25188 -5.61508 -3.58233e-14  
65 1 0 -1 -4.44068e-15 6.10593e-15 2.20286e-15 -0.842399 -0.25188  
66 1 0 4.4407e-15 -1 -8.88139e-15 0.716536 -4.80565e-14 5.76919  
67 1 0 -8.88139e-15 8.88139e-15 -1 0.25188 -5.76919 -5.34754e-14  
68 1 0 -1 -4.4407e-15 8.88139e-15 9.44875e-16 -0.716536 -0.25188  
69 1 0 0 -1 1.44321e-14 0.387311 8.64295e-14 5.98869  
70 1 0 1.44321e-14 -1.44321e-14 -1 0.25188 -5.98869 9.00647e-14  
71 1 0 -1 -2.08286e-28 -1.44321e-14 3.63516e-15 -0.387311 -0.25188  
72 1 0 -1.38265e-14 -1 1.6419e-14 0.455577 8.90852e-14 5.80938  
73 1 0 1.6419e-14 -1.6419e-14 -1 0.25188 -5.80938 9.95199e-14  
74 1 0 -1 1.38265e-14 -1.6419e-14 -2.16343e-15 -0.455577 -0.25188  
75 1 0 8.88138e-15 -1 -1.05466e-14 0.562294 -5.71756e-14 5.89472  
76 1 0 -1.05466e-14 1.05466e-14 -1 0.25188 -5.89472 -6.4826e-14  
77 1 0 -1 -8.88138e-15 1.05466e-14 2.33746e-15 -0.562294 -0.25188  
78 1 0 -4.44098e-15 -1 8.32683e-15 -0.561488 3.75356e-14 4.20832  
79 1 0 8.32683e-15 -8.32683e-15 -1 0.25188 -4.20832 3.71394e-14  
80 1 0 -1 4.44098e-15 -8.32683e-15 4.59092e-15 0.561488 -0.25188  
81 1 0 -4.44102e-15 -1 8.74326e-15 -0.196445 3.63311e-14 4.05555  
82 1 0 8.74326e-15 -8.74326e-15 -1 0.25188 -4.05555 3.7661e-14  
83 1 0 -1 4.44102e-15 -8.74326e-15 3.07467e-15 0.196445 -0.25188  
84 1 0 2.22051e-15 -1 -1.32211e-14 0.00170776 -5.33824e-14 4.03794  
85 1 0 -1.32211e-14 1.32211e-14 -1 0.25188 -4.03794 -5.67163e-14  
86 1 0 -1 -2.22051e-15 1.32211e-14 -3.32635e-15 -0.00170776 -0.25188  
87 1 0 -9.09825e-15 -1 6.82368e-15 0.00112283 2.88333e-14 4.22697  
88 1 0 6.82368e-15 -6.82368e-15 -1 0.25188 -4.22697 3.05623e-14  
89 1 0 -1 9.09825e-15 -6.82368e-15 1.70853e-15 -0.00112283 -0.25188  
90 1 0 4.44096e-15 -1 -8.04923e-15 -0.386813 -3.48346e-14 4.11428  
91 1 0 -8.04923e-15 8.04923e-15 -1 0.25188 -4.11428 -3.51442e-14  
92 1 0 -1 -4.44096e-15 8.04923e-15 -3.74526e-15 0.386813 -0.25188  
93 1 0 -4.61982e-15 -1 9.81712e-15 -0.256668 4.51719e-14 4.48055  
94 1 0 9.81712e-15 -9.81712e-15 -1 0.25188 -4.48055 4.64589e-14  
95 1 0 -1 4.61982e-15 -9.81712e-15 3.6585e-15 0.256668 -0.25188  
96 1 0 0 -1 -9.99209e-15 -0.715543 -4.32996e-14 4.33339  
97 1 0 -9.99209e-15 9.99209e-15 -1 0.25188 -4.33339 -4.58165e-14  
98 1 0 -1 -9.98419e-29 9.99209e-15 -2.51681e-15 0.715543 -0.25188  
99 1 0 -9.22179e-15 -1 3.45817e-15 -0.45474 1.90421e-14 4.29377  
100 1 0 3.45817e-15 -3.45817e-15 -1 0.25188 -4.29377 1.57196e-14  
101 1 0 -1 9.22179e-15 -3.45817e-15 5.06456e-15 0.45474 -0.25188  
102 1 0 0 -1 1.39005e-14 -0.000158504 6.60345e-14 4.75051  
103 1 0 1.39005e-14 -1.39005e-14 -1 0.25188 -4.75051 6.95357e-14  
104 1 0 -1 -1.93224e-28 -1.39005e-14 3.50126e-15 0.000158504 -0.25188  
105 1 0 0 -1 -1.00116e-14 -0.538583 -4.78081e-14 4.77525  
106 1 0 -1.00116e-14 1.00116e-14 -1 0.25188 -4.77525 -5.03298e-14  
107 1 0 -1 -1.00233e-28 1.00116e-14 -2.52173e-15 0.538583 -0.25188  
108 1 0 -9.26838e-15 -1 -1.10062e-14 -0.735035 -4.35902e-14 4.57949  
109 1 0 -1.10062e-14 1.10062e-14 -1 0.25188 -4.57949 -5.31751e-14  
110 1 0 -1 9.26838e-15 1.10062e-14 4.04034e-15 0.735035 -0.25188  
111 1 0 4.44089e-15 -1 5.55112e-16 -0.841516 -1.24633e-15 4.48694  
112 1 0 5.55112e-16 -5.55112e-16 -1 0.25188 -4.48694 2.63058e-15  
113 1 0 -1 -4.44089e-15 -5.55112e-16 -3.59726e-15 0.841516 -0.25188  
114 1 0 4.44085e-15 -1 -5.55106e-16 -0.994418 -7.10958e-15 4.85226  
115 1 0 -5.55106e-16 5.55106e-16 -1 0.25188 -4.85226 -2.83334e-15  
116 1 0 -1 -4.44085e-15 5.55106e-16 -4.55588e-15 0.994418 -0.25188  
117 1 0 -4.44084e-15 -1 -2.77552e-15 -0.935513 -8.78553e-15 4.66218  
118 1 0 -2.77552e-15 2.77552e-15 -1 0.25188 -4.66218 -1.36391e-14  
119 1 0 -1 4.44084e-15 2.77552e-15 3.45536e-15 0.935513 -0.25188  
120 1 0 8.88116e-15 -1 1.22116e-14 -0.995968 5.52397e-14 5.24788  
121 1 0 1.22116e-14 -1.22116e-14 -1 0.25188 -5.24788 6.71609e-14  
122 1 0 -1 -8.88116e-15 -1.22116e-14 -5.76949e-15 0.995968 -0.25188  
123 1 0 -8.88122e-15 -1 -3.33046e-15 -1.01487 -7.80571e-15 5.05005  
124 1 0 -3.33046e-15 3.33046e-15 -1 0.25188 -5.05005 -1.76579e-14  
125 1 0 -1 8.88122e-15 3.33046e-15 8.17442e-15 1.01487 -0.25188  
126 1 0 4.57467e-15 -1 -4.57467e-15 -0.797523 -2.67529e-14 5.05053  
127 1 0 -4.57467e-15 4.57467e-15 -1 0.25188 -5.05053 -2.42568e-14  
128 1 0 -1 -4.57467e-15 4.57467e-15 -4.80067e-15 0.797523 -0.25188  
129 1 0 4.67057e-15 -1 1.13845e-14 -0.280126 5.62035e-14 5.05176  
130 1 0 1.13845e-14 -1.13845e-14 -1 0.25188 -5.05176 6.03794e-14  
131 1 0 -1 -4.67057e-15 -1.13845e-14 1.55918e-15 0.280126 -0.25188  
132 1 0 1.36588e-14 -1 8.82132e-15 -0.259409 4.60431e-14 5.62119  
133 1 0 8.82132e-15 -8.82132e-15 -1 0.25188 -5.62119 5.18082e-14  
134 1 0 -1 -1.36588e-14 -8.82132e-15 -1.32131e-15 0.259409 -0.25188  
135 1 0 1.39707e-14 -1 4.89794e-15 0.00100464 2.6237e-14 5.35388  
136 1 0 4.89794e-15 -4.89794e-15 -1 0.25188 -5.35388 2.74567e-14  
137 1 0 -1 -1.39707e-14 -4.89794e-15 1.24773e-15 -0.00100464 -0.25188  
138 1 0 -4.57632e-15 -1 -2.28816e-15 -0.736942 -9.26079e-15 5.52115  
139 1 0 -2.28816e-15 2.28816e-15 -1 0.25188 -5.52115 -1.32096e-14  
140 1 0 -1 4.57632e-15 2.28816e-15 2.79614e-15 0.736942 -0.25188  
141 1 0 9.11558e-15 -1 1.31036e-14 -0.540758 6.4858e-14 5.32579  
142 1 0 1.31036e-14 -1.31036e-14 -1 0.25188 -5.32579 7.30878e-14  
143 1 0 -1 -9.11558e-15 -1.31036e-14 -1.62878e-15 0.540758 -0.25188  
144 1 0 0 -1 8.3262e-15 -0.938218 4.5283e-14 5.43861  
145 1 0 8.3262e-15 -8.3262e-15 -1 0.25188 -5.43861 4.73802e-14  
146 1 0 -1 -6.93257e-29 -8.3262e-15 2.0972e-15 0.938218 -0.25188  
147 1 0 0 -1 -8.88134e-15 -0.843707 -4.98562e-14 5.61359  
148 1 0 -8.88134e-15 8.88134e-15 -1 0.25188 -5.61359 -5.20932e-14  
149 1 0 -1 -7.88782e-29 8.88134e-15 -2.23703e-15 0.843707 -0.25188  
150 1 0 4.44102e-15 -1 -4.05937e-15 -0.00158054 -2.46248e-14 6.06442  
151 1 0 -4.05937e-15 4.05937e-15 -1 0.25188 -6.06442 -2.56402e-14  
152 1 0 -1 -4.44102e-15 4.05937e-15 -1.02949e-15 0.00158054 -0.25188  
153 1 0 0 -1 -1.97071e-14 -0.198479 -1.19134e-13 6.04522  
154 1 0 -1.97071e-14 1.97071e-14 -1 0.25188 -6.04522 -1.24097e-13  
155 1 0 -1 -3.88368e-28 1.97071e-14 -4.96381e-15 0.198479 -0.25188  
156 1 0 0 -1 -4.35824e-15 -0.00101138 -2.56073e-14 5.87561  
157 1 0 -4.35824e-15 4.35824e-15 -1 0.25188 -5.87561 -2.67051e-14  
158 1 0 -1 -1.89943e-29 4.35824e-15 -1.09775e-15 0.00101138 -0.25188  
159 1 0 4.55253e-15 -1 -1.19504e-14 -0.456959 -7.14998e-14 5.80897  
160 1 0 -1.19504e-14 1.19504e-14 -1 0.25188 -5.80897 -7.24295e-14  
161 1 0 -1 -4.55253e-15 1.19504e-14 -5.09039e-15 0.456959 -0.25188  
162 1 0 0 -1 -1.38782e-15 -0.389283 -8.31046e-15 5.98816  
163 1 0 -1.38782e-15 1.38782e-15 -1 0.25188 -5.98816 -8.66003e-15  
164 1 0 -1 -1.92603e-30 1.38782e-15 -3.49563e-16 0.389283 -0.25188  
165 1 0 8.87838e-15 -1 -4.43919e-15 -0.718282 -3.19837e-14 5.76829  
166 1 0 -4.43919e-15 4.43919e-15 -1 0.25188 -5.76829 -2.67246e-14  
167 1 0 -1 -8.87838e-15 4.43919e-15 -7.49532e-15 0.718282 -0.25188  
168 1 0 -1.33227e-14 -1 -1.11022e-14 -0.5642 -5.79228e-14 5.89426  
169 1 0 -1.11022e-14 1.11022e-14 -1 0.25188 -5.89426 -6.82359e-14  
170 1 0 -1 1.33227e-14 1.11022e-14 4.72022e-15 0.5642 -0.25188  

/Floor/mstate.showColor = 1 1 1 1
/Floor/mstate.lambda = -9.59981e-05 -99.0803 -5.43317e-05 -0.000226419 -0.000376248 -480.644
/Floor/mstate.rest_position = 0.05 0.03 0 0 0 0 1
/Floor/mstate.constraint = 0 1 0 4.44089e-15 -1 0 0 0 -4.95  
1 1 0 1.97215e-29 8.75812e-44 -1 0.25188 4.95 4.96746e-30  
2 1 0 -1 -4.44089e-15 -1.97215e-29 6.31089e-30 0 -0.25188  
3 1 0 8.8733e-15 -1 3.32749e-15 0.718397 2.0797e-14 4.33432  
4 1 0 3.32749e-15 -3.32749e-15 -1 0.25188 -4.33432 1.52605e-14  
5 1 0 -1 -8.8733e-15 -3.32749e-15 7.21268e-15 -0.718397 -0.25188  
6 1 0 4.44086e-15 -1 1.33226e-14 0.84374 6.35484e-14 4.48873  
7 1 0 1.33226e-14 -1.33226e-14 -1 0.25188 -4.48873 6.31572e-14  
8 1 0 -1 -4.44086e-15 -1.33226e-14 7.10262e-15 -0.84374 -0.25188  
9 1 0 8.88171e-15 -1 1.11021e-14 0.563735 5.1744e-14 4.20973  
10 1 0 1.11021e-14 -1.11021e-14 -1 0.25188 -4.20973 4.95334e-14  
11 1 0 -1 -8.88171e-15 -1.11021e-14 7.80333e-15 -0.563735 -0.25188  
12 1 0 4.44085e-15 -1 8.32659e-15 0.389406 3.5995e-14 4.11522  
13 1 0 8.32659e-15 -8.32659e-15 -1 0.25188 -4.11522 3.6363e-14  
14 1 0 -1 -4.44085e-15 -8.32659e-15 3.82659e-15 -0.389406 -0.25188  
15 1 0 -4.44086e-15 -1 -9.85315e-15 0.198757 -4.08608e-14 4.0574  
16 1 0 -9.85315e-15 9.85315e-15 -1 0.25188 -4.0574 -4.246e-14  
17 1 0 -1 4.44086e-15 9.85315e-15 -3.36446e-15 -0.198757 -0.25188  
18 1 0 4.57664e-15 -1 -6.57892e-15 0.2595 -2.83057e-14 4.483  
19 1 0 -6.57892e-15 6.57892e-15 -1 0.25188 -4.483 -3.11504e-14  
20 1 0 -1 -4.57664e-15 6.57892e-15 -4.69458e-16 -0.2595 -0.25188  
21 1 0 0 -1 3.4423e-15 0.456882 1.47866e-14 4.29556  
22 1 0 3.4423e-15 -3.4423e-15 -1 0.25188 -4.29556 1.56536e-14  
23 1 0 -1 -1.18494e-29 -3.4423e-15 8.67046e-16 -0.456882 -0.25188  
24 1 0 0 -1 -9.99231e-15 0.93864 -4.65958e-14 4.66317  
25 1 0 -9.99231e-15 9.99231e-15 -1 0.25188 -4.66317 -4.91127e-14  
26 1 0 -1 -9.98463e-29 9.99231e-15 -2.51686e-15 -0.93864 -0.25188  
27 1 0 9.14071e-15 -1 -1.37111e-14 0.798135 -6.197e-14 5.0518  
28 1 0 -1.37111e-14 1.37111e-14 -1 0.25188 -5.0518 -7.27191e-14  
29 1 0 -1 -9.14071e-15 1.37111e-14 3.84198e-15 -0.798135 -0.25188  
30 1 0 4.44109e-15 -1 1.33233e-14 1.01531 7.18166e-14 5.05188  
31 1 0 1.33233e-14 -1.33233e-14 -1 0.25188 -5.05188 7.06634e-14  
32 1 0 -1 -4.44109e-15 -1.33233e-14 7.86494e-15 -1.01531 -0.25188  
33 1 0 0 -1 -7.77189e-15 0.996595 -3.77245e-14 4.85397  
34 1 0 -7.77189e-15 7.77189e-15 -1 0.25188 -4.85397 -3.96821e-14  
35 1 0 -1 -6.04023e-29 7.77189e-15 -1.95758e-15 -0.996595 -0.25188  
36 1 0 9.15128e-15 -1 -1.14391e-15 0.737136 1.50476e-15 4.58164  
37 1 0 -1.14391e-15 1.14391e-15 -1 0.25188 -4.58164 -5.52911e-15  
38 1 0 -1 -9.15128e-15 1.14391e-15 6.45761e-15 -0.737136 -0.25188  
39 1 0 -9.35496e-15 -1 4.09279e-15 0.28035 1.80566e-14 5.05261  
40 1 0 4.09279e-15 -4.09279e-15 -1 0.25188 -5.05261 2.17102e-14  
41 1 0 -1 9.35496e-15 -4.09279e-15 -1.59176e-15 -0.28035 -0.25188  
42 1 0 4.55452e-15 -1 -1.70795e-15 0.541224 -5.69497e-15 4.77766  
43 1 0 -1.70795e-15 1.70795e-15 -1 0.25188 -4.77766 -8.59019e-15  
44 1 0 -1 -4.55452e-15 1.70795e-15 2.03482e-15 -0.541224 -0.25188  
45 1 0 4.62849e-15 -1 3.47137e-15 0.735665 2.25766e-14 5.52277  
46 1 0 3.47137e-15 -3.47137e-15 -1 0.25188 -5.52277 2.0046e-14  
47 1 0 -1 -4.62849e-15 -3.47137e-15 4.27939e-15 -0.735665 -0.25188  
48 1 0 -4.69682e-15 -1 1.11549e-14 0.539037 5.68955e-14 5.32743  
49 1 0 1.11549e-14 -1.11549e-14 -1 0.25188 -5.32743 6.22369e-14  
50 1 0 -1 4.69682e-15 -1.11549e-14 2.77947e-16 -0.539037 -0.25188  
51 1 0 0 -1 -5.68973e-15 0.196672 -3.44066e-14 6.04714  
52 1 0 -5.68973e-15 5.68973e-15 -1 0.25188 -6.04714 -3.58397e-14  
53 1 0 -1 -3.23731e-29 5.68973e-15 -1.43313e-15 -0.196672 -0.25188  
54 1 0 -9.24488e-15 -1 5.48915e-15 0.257639 2.84821e-14 5.62271  
55 1 0 5.48915e-15 -5.48915e-15 -1 0.25188 -5.62271 3.22465e-14  
56 1 0 -1 9.24488e-15 -5.48915e-15 -9.99239e-16 -0.257639 -0.25188  
57 1 0 0 -1 6.10609e-15 0.936247 3.3215e-14 5.43966  
58 1 0 6.10609e-15 -6.10609e-15 -1 0.25188 -5.43966 3.4753e-14  
59 1 0 -1 -3.72844e-29 -6.10609e-15 1.538e-15 -0.936247 -0.25188  
60 1 0 -1.33223e-14 -1 1.83182e-14 0.995308 8.29036e-14 5.24962  
61 1 0 1.83182e-14 -1.83182e-14 -1 0.25188 -5.24962 1.00777e-13  
62 1 0 -1 1.33223e-14 -1.83182e-14 -8.64582e-15 -0.995308 -0.25188  
63 1 0 4.44068e-15 -1 -6.10593e-15 0.842399 -3.05445e-14 5.61508  
64 1 0 -6.10593e-15 6.10593e-15 -1 0.25188 -5.61508 -3.58233e-14  
65 1 0 -1 -4.44068e-15 6.10593e-15 2.20286e-15 -0.842399 -0.25188  
66 1 0 4.4407e-15 -1 -8.88139e-15 0.716536 -4.80565e-14 5.76919  
67 1 0 -8.88139e-15 8.88139e-15 -1 0.25188 -5.76919 -5.34754e-14  
68 1 0 -1 -4.4407e-15 8.88139e-15 9.44875e-16 -0.716536 -0.25188  
69 1 0 0 -1 1.44321e-14 0.387311 8.64295e-14 5.98869  
70 1 0 1.44321e-14 -1.44321e-14 -1 0.25188 -5.98869 9.00647e-14  
71 1 0 -1 -2.08286e-28 -1.44321e-14 3.63516e-15 -0.387311 -0.25188  
72 1 0 -1.38265e-14 -1 1.6419e-14 0.455577 8.90852e-14 5.80938  
73 1 0 1.6419e-14 -1.6419e-14 -1 0.25188 -5.80938 9.95199e-14  
74 1 0 -1 1.38265e-14 -1.6419e-14 -2.16343e-15 -0.455577 -0.25188  
75 1 0 8.88138e-15 -1 -1.05466e-14 0.562294 -5.71756e-14 5.89472  
76 1 0 -1.05466e-14 1.05466e-14 -1 0.25188 -5.89472 -6.4826e-14  
77 1 0 -1 -8.88138e-15 1.05466e-14 2.33746e-15 -0.562294 -0.25188  
78 1 0 -4.44098e-15 -1 8.32683e-15 -0.561488 3.75356e-14 4.20832  
79 1 0 8.32683e-15 -8.32683e-15 -1 0.25188 -4.20832 3.71394e-14  
80 1 0 -1 4.44098e-15 -8.32683e-15 4.59092e-15 0.561488 -0.25188  
81 1 0 -4.44102e-15 -1 8.74326e-15 -0.196445 3.63311e-14 4.05555  
82 1 0 8.74326e-15 -8.74326e-15 -1 0.25188 -4.05555 3.7661e-14  
83 1 0 -1 4.44102e-15 -8.74326e-15 3.07467e-15 0.196445 -0.25188  
84 1 0 2.22051e-15 -1 -1.32211e-14 0.00170776 -5.33824e-14 4.03794  
85 1 0 -1.32211e-14 1.32211e-14 -1 0.25188 -4.03794 -5.67163e-14  
86 1 0 -1 -2.22051e-15 1.32211e-14 -3.32635e-15 -0.00170776 -0.25188  
87 1 0 -9.09825e-15 -1 6.82368e-15 0.00112283 2.88333e-14 4.22697  
88 1 0 6.82368e-15 -6.82368e-15 -1 0.25188 -4.22697 3.05623e-14  
89 1 0 -1 9.09825e-15 -6.82368e-15 1.70853e-15 -0.00112283 -0.25188  
90 1 0 4.44096e-15 -1 -8.04923e-15 -0.386813 -3.48346e-14 4.11428  
91 1 0 -8.04923e-15 8.04923e-15 -1 0.25188 -4.11428 -3.51442e-14  
92 1 0 -1 -4.44096e-15 8.04923e-15 -3.74526e-15 0.386813 -0.25188  
93 1 0 -4.61982e-15 -1 9.81712e-15 -0.256668 4.51719e-14 4.48055  
94 1 0 9.81712e-15 -9.81712e-15 -1 0.25188 -4.48055 4.64589e-14  
95 1 0 -1 4.61982e-15 -9.81712e-15 3.6585e-15 0.256668 -0.25188  
96 1 0 0 -1 -9.99209e-15 -0.715543 -4.32996e-14 4.33339  
97 1 0 -9.99209e-15 9.99209e-15 -1 0.25188 -4.33339 -4.58165e-14  
98 1 0 -1 -9.98419e-29 9.99209e-15 -2.51681e-15 0.715543 -0.25188  
99 1 0 -9.22179e-15 -1 3.45817e-15 -0.45474 1.90421e-14 4.29377  
100 1 0 3.45817e-15 -3.45817e-15 -1 0.25188 -4.29377 1.57196e-14  
101 1 0 -1 9.22179e-15 -3.45817e-15 5.06456e-15 0.45474 -0.25188  
102 1 0 0 -1 1.39005e-14 -0.000158504 6.60345e-14 4.75051  
103 1 0 1.39005e-14 -1.39005e-14 -1 0.25188 -4.75051 6.95357e-14  
104 1 0 -1 -1.93224e-28 -1.39005e-14 3.50126e-15 0.000158504 -0.25188  
105 1 0 0 -1 -1.00116e-14 -0.538583 -4.78081e-14 4.77525  
106 1 0 -1.00116e-14 1.00116e-14 -1 0.25188 -4.77525 -5.03298e-14  
107 1 0 -1 -1.00233e-28 1.00116e-14 -2.52173e-15 0.538583 -0.25188  
108 1 0 -9.26838e-15 -1 -1.10062e-14 -0.735035 -4.35902e-14 4.57949  
109 1 0 -1.10062e-14 1.10062e-14 -1 0.25188 -4.57949 -5.31751e-14  
110 1 0 -1 9.26838e-15 1.10062e-14 4.04034e-15 0.735035 -0.25188  
111 1 0 4.44089e-15 -1 5.55112e-16 -0.841516 -1.24633e-15 4.48694  
112 1 0 5.55112e-16 -5.55112e-16 -1 0.25188 -4.48694 2.63058e-15  
113 1 0 -1 -4.44089e-15 -5.55112e-16 -3.59726e-15 0.841516 -0.25188  
114 1 0 4.44085e-15 -1 -5.55106e-16 -0.994418 -7.10958e-15 4.85226  
115 1 0 -5.55106e-16 5.55106e-16 -1 0.25188 -4.85226 -2.83334e-15  
116 1 0 -1 -4.44085e-15 5.55106e-16 -4.55588e-15 0.994418 -0.25188  
117 1 0 -4.44084e-15 -1 -2.77552e-15 -0.935513 -8.78553e-15 4.66218  
118 1 0 -2.77552e-15 2.77552e-15 -1 0.25188 -4.66218 -1.36391e-14  
119 1 0 -1 4.44084e-15 2.77552e-15 3.45536e-15 0.935513 -0.25188  
120 1 0 8.88116e-15 -1 1.22116e-14 -0.995968 5.52397e-14 5.24788  
121 1 0 1.22116e-14 -1.22116e-14 -1 0.25188 -5.24788 6.71609e-14  
122 1 0 -1 -8.88116e-15 -1.22116e-14 -5.76949e-15 0.995968 -0.25188  
123 1 0 -8.88122e-15 -1 -3.33046e-15 -1.01487 -7.80571e-15 5.05005  
124 1 0 -3.33046e-15 3.33046e-15 -1 0.25188 -5.05005 -1.76579e-14  
125 1 0 -1 8.88122e-15 3.33046e-15 8.17442e-15 1.01487 -0.25188  
126 1 0 4.57467e-15 -1 -4.57467e-15 -0.797523 -2.67529e-14 5.05053  
127 1 0 -4.57467e-15 4.57467e-15 -1 0.25188 -5.05053 -2.42568e-14  
128 1 0 -1 -4.57467e-15 4.57467e-15 -4.80067e-15 0.797523 -0.25188  
129 1 0 4.67057e-15 -1 1.13845e-14 -0.280126 5.62035e-14 5.05176  
130 1 0 1.13845e-14 -1.13845e-14 -1 0.25188 -5.05176 6.03794e-14  
131 1 0 -1 -4.67057e-15 -1.13845e-14 1.55918e-15 0.280126 -0.25188  
132 1 0 1.36588e-14 -1 8.82132e-15 -0.259409 4.60431e-14 5.62119  
133 1 0 8.82132e-15 -8.82132e-15 -1 0.25188 -5.62119 5.18082e-14  
134 1 0 -1 -1.36588e-14 -8.82132e-15 -1.32131e-15 0.259409 -0.25188  
135 1 0 1.39707e-14 -1 4.89794e-15 0.00100464 2.6237e-14 5.35388  
136 1 0 4.89794e-15 -4.89794e-15 -1 0.25188 -5.35388 2.74567e-14  
137 1 0 -1 -1.39707e-14 -4.89794e-15 1.24773e-15 -0.00100464 -0.25188  
138 1 0 -4.57632e-15 -1 -2.28816e-15 -0.736942 -9.26079e-15 5.52115  
139 1 0 -2.28816e-15 2.28816e-15 -1 0.25188 -5.52115 -1.32096e-14  
140 1 0 -1 4.57632e-15 2.28816e-15 2.79614e-15 0.736942 -0.25188  
141 1 0 9.11558e-15 -1 1.31036e-14 -0.540758 6.4858e-14 5.32579  
142 1 0 1.31036e-14 -1.31036e-14 -1 0.25188 -5.32579 7.30878e-14  
143 1 0 -1 -9.11558e-15 -1.31036e-14 -1.62878e-15 0.540758 -0.25188  
144 1 0 0 -1 8.3262e-15 -0.938218 4.5283e-14 5.43861  
145 1 0 8.3262e-15 -8.3262e-15 -1 0.25188 -5.43861 4.73802e-14  
146 1 0 -1 -6.93257e-29 -8.3262e-15 2.0972e-15 0.938218 -0.25188  
147 1 0 0 -1 -8.88134e-15 -0.843707 -4.98562e-14 5.61359  
148 1 0 -8.88134e-15 8.88134e-15 -1 0.25188 -5.61359 -5.20932e-14  
149 1 0 -1 -7.88782e-29 8.88134e-15 -2.23703e-15 0.843707 -0.25188  
150 1 0 4.44102e-15 -1 -4.05937e-15 -0.00158054 -2.46248e-14 6.06442  
151 1 0 -4.05937e-15 4.05937e-15 -1 0.25188 -6.06442 -2.56402e-14  
152 1 0 -1 -4.44102e-15 4.05937e-15 -1.02949e-15 0.00158054 -0.25188  
153 1 0 0 -1 -1.97071e-14 -0.198479 -1.19134e-13 6.04522  
154 1 0 -1.97071e-14 1.97071e-14 -1 0.25188 -6.04522 -1.24097e-13  
155 1 0 -1 -3.88368e-28 1.97071e-14 -4.96381e-15 0.198479 -0.25188  
156 1 0 0 -1 -4.35824e-15 -0.00101138 -2.56073e-14 5.87561  
157 1 0 -4.35824e-15 4.35824e-15 -1 0.25188 -5.87561 -2.67051e-14  
158 1 0 -1 -1.89943e-29 4.35824e-15 -1.09775e-15 0.00101138 -0.25188  
159 1 0 4.55253e-15 -1 -1.19504e-14 -0.456959 -7.14998e-14 5.80897  
160 1 0 -1.19504e-14 1.19504e-14 -1 0.25188 -5.80897 -7.24295e-14  
161 1 0 -1 -4.55253e-15 1.19504e-14 -5.09039e-15 0.456959 -0.25188  
162 1 0 0 -1 -1.38782e-15 -0.389283 -8.31046e-15 5.98816  
163 1 0 -1.38782e-15 1.38782e-15 -1 0.25188 -5.98816 -8.66003e-15  
164 1 0 -1 -1.92603e-30 1.38782e-15 -3.49563e-16 0.389283 -0.25188  
165 1 0 8.87838e-15 -1 -4.43919e-15 -0.718282 -3.19837e-14 5.76829  
166 1 0 -4.43919e-15 4.43919e-15 -1 0.25188 -5.76829 -2.67246e-14  
167 1 0 -1 -8.87838e-15 4.43919e-15 -7.49532e-15 0.718282 -0.25188  
168 1 0 -1.33227e-14 -1 -1.11022e-14 -0.5642 -5.79228e-14 5.89426  
169 1 0 -1.11022e-14 1.11022e-14 -1 0.25188 -5.89426 -6.82359e-14  
170 1 0 -1 1.33227e-14 1.11022e-14 4.72022e-15 0.5642 -0.25188  

/Floor/mstate.showColor = 1 1 1 1
/Floor/mstate.lambda = -9.59981e-05 -99.0803 -5.43317e-05 -0.000226419 -0.000376248 -480.644
/Floor/Collision/mloader.defaultMaterial = Default Diffuse 1 0.74902 0.74902 0.74902 1 Ambient 1 0.2 0.2 0.2 1 Specular 0 1 1 1 1 Emissive 0 0 0 0 0 Shininess 0 45 
/Floor/Collision/mloader.normalsIndex = [ [ 0, 0, 0, 0 ], [ 1, 1, 1, 1 ], [ 2, 2, 2, 2 ], [ 3, 3, 3, 3 ], [ 4, 4, 4, 4 ], [ 5, 5, 5, 5 ] ]
/Floor/Collision/mloader.faceList = [ [ 0, 1, 3, 2 ], [ 2, 3, 7, 6 ], [ 6, 7, 5, 4 ], [ 4, 5, 1, 0 ], [ 2, 6, 4, 0 ], [ 7, 3, 1, 5 ] ]
/Floor/Collision/mloader.texcoordsIndex = [ [ 0, 3, 8, 6 ], [ 6, 8, 13, 12 ], [ 12, 13, 11, 10 ], [ 10, 11, 4, 1 ], [ 7, 12, 10, 2 ], [ 13, 9, 5, 11 ] ]
/Floor/mass.separateGravity = 0
/Floor/Collision/MechanicalObject.constraint = 0 3 1 1.12133e-15 -0.2525 0  5 1.09912e-15 -0.2475 0  7 2.22045e-15 -0.5 0  
1 3 1 4.97968e-30 2.21142e-44 -0.2525  5 4.88108e-30 2.16763e-44 -0.2475  7 9.86076e-30 4.37906e-44 -0.5  
2 3 1 -0.2525 -1.12133e-15 -4.97968e-30  5 -0.2475 -1.09912e-15 -4.88108e-30  7 -0.5 -2.22045e-15 -9.86076e-30  
3 3 1 4.75538e-15 -0.53592 1.78327e-15  3 1.60426e-15 -0.180796 6.01597e-16  7 2.51366e-15 -0.283284 9.42624e-16  
4 3 1 1.78327e-15 -1.78327e-15 -0.53592  3 6.01597e-16 -6.01597e-16 -0.180796  7 9.42624e-16 -9.42624e-16 -0.283284  
5 3 1 -0.53592 -4.75538e-15 -1.78327e-15  3 -0.180796 -1.60426e-15 -6.01597e-16  7 -0.283284 -2.51366e-15 -9.42624e-16  
6 3 1 2.40778e-15 -0.542187 7.22333e-15  3 8.09345e-16 -0.18225 2.42803e-15  7 1.22374e-15 -0.275563 3.67121e-15  
7 3 1 7.22333e-15 -7.22333e-15 -0.542187  3 2.42803e-15 -2.42803e-15 -0.18225  7 3.67121e-15 -3.67121e-15 -0.275563  
8 3 1 -0.542187 -2.40778e-15 -7.22333e-15  3 -0.18225 -8.09345e-16 -2.42803e-15  7 -0.275563 -1.22374e-15 -3.67121e-15  
9 3 1 4.6912e-15 -0.528187 5.864e-15  3 1.61913e-15 -0.1823 2.02392e-15  7 2.57137e-15 -0.289513 3.21422e-15  
10 3 1 5.864e-15 -5.864e-15 -0.528187  3 2.02392e-15 -2.02392e-15 -0.1823  7 3.21422e-15 -3.21422e-15 -0.289513  
11 3 1 -0.528187 -4.6912e-15 -5.864e-15  3 -0.1823 -1.61913e-15 -2.02392e-15  7 -0.289513 -2.57137e-15 -3.21422e-15  
12 3 1 2.30689e-15 -0.51947 4.32541e-15  3 8.27288e-16 -0.186291 1.55116e-15  7 1.30667e-15 -0.294239 2.45001e-15  
13 3 1 4.32541e-15 -4.32541e-15 -0.51947  3 1.55116e-15 -1.55116e-15 -0.186291  7 2.45001e-15 -2.45001e-15 -0.294239  
14 3 1 -0.51947 -2.30689e-15 -4.32541e-15  3 -0.186291 -8.27288e-16 -1.55116e-15  7 -0.294239 -1.30667e-15 -2.45001e-15  
15 3 1 -2.26456e-15 -0.509938 -5.02449e-15  3 -8.56784e-16 -0.192932 -1.90099e-15  7 -1.31951e-15 -0.29713 -2.92767e-15  
16 3 1 -5.02449e-15 5.02449e-15 -0.509938  3 -1.90099e-15 1.90099e-15 -0.192932  7 -2.92767e-15 2.92767e-15 -0.29713  
17 3 1 -0.509938 2.26456e-15 5.02449e-15  3 -0.192932 8.56784e-16 1.90099e-15  7 -0.29713 1.31951e-15 2.92767e-15  
18 3 1 2.3477e-15 -0.512975 -3.37482e-15  3 9.66472e-16 -0.211175 -1.3893e-15  7 1.26247e-15 -0.27585 -1.81479e-15  
19 3 1 -3.37482e-15 3.37482e-15 -0.512975  3 -1.3893e-15 1.3893e-15 -0.211175  7 -1.81479e-15 1.81479e-15 -0.27585  
20 3 1 -0.512975 -2.3477e-15 3.37482e-15  3 -0.211175 -9.66472e-16 1.3893e-15  7 -0.27585 -1.26247e-15 1.81479e-15  
21 3 1 0 -0.522844 1.79978e-15  3 0 -0.191934 6.60693e-16  7 0 -0.285222 9.81819e-16  
22 3 1 1.79978e-15 -1.79978e-15 -0.522844  3 6.60693e-16 -6.60693e-16 -0.191934  7 9.81819e-16 -9.81819e-16 -0.285222  
23 3 1 -0.522844 -6.19539e-30 -1.79978e-15  3 -0.191934 -2.2743e-30 -6.60693e-16  7 -0.285222 -3.37971e-30 -9.81819e-16  
24 3 1 0 -0.546932 -5.46512e-15  3 0 -0.186227 -1.86083e-15  7 0 -0.266842 -2.66636e-15  
25 3 1 -5.46512e-15 5.46512e-15 -0.546932  3 -1.86083e-15 1.86083e-15 -0.186227  7 -2.66636e-15 2.66636e-15 -0.266842  
26 3 1 -0.546932 -5.46091e-29 5.46512e-15  3 -0.186227 -1.8594e-29 1.86083e-15  7 -0.266842 -2.66431e-29 2.66636e-15  
27 3 1 4.93513e-15 -0.539907 -7.4027e-15  3 1.94408e-15 -0.212683 -2.91611e-15  7 2.2615e-15 -0.24741 -3.39225e-15  
28 3 1 -7.4027e-15 7.4027e-15 -0.539907  3 -2.91611e-15 2.91611e-15 -0.212683  7 -3.39225e-15 3.39225e-15 -0.24741  
29 3 1 -0.539907 -4.93513e-15 7.4027e-15  3 -0.212683 -1.94408e-15 2.91611e-15  7 -0.24741 -2.2615e-15 3.39225e-15  
30 3 1 2.446e-15 -0.550765 7.33799e-15  3 8.96339e-16 -0.201829 2.68902e-15  7 1.09875e-15 -0.247406 3.29625e-15  
31 3 1 7.33799e-15 -7.33799e-15 -0.550765  3 2.68902e-15 -2.68902e-15 -0.201829  7 3.29625e-15 -3.29625e-15 -0.247406  
32 3 1 -0.550765 -2.446e-15 -7.33799e-15  3 -0.201829 -8.96339e-16 -2.68902e-15  7 -0.247406 -1.09875e-15 -3.29625e-15  
33 3 1 0 -0.54983 -4.27322e-15  3 0 -0.192869 -1.49895e-15  7 0 -0.257302 -1.99972e-15  
34 3 1 -4.27322e-15 4.27322e-15 -0.54983  3 -1.49895e-15 1.49895e-15 -0.192869  7 -1.99972e-15 1.99972e-15 -0.257302  
35 3 1 -0.54983 -3.3211e-29 4.27322e-15  3 -0.192869 -1.16497e-29 1.49895e-15  7 -0.257302 -1.55416e-29 1.99972e-15  
36 3 1 4.91293e-15 -0.536857 -6.14116e-16  3 1.75911e-15 -0.192225 -2.19888e-16  7 2.47925e-15 -0.270918 -3.09906e-16  
37 3 1 -6.14116e-16 6.14116e-16 -0.536857  3 -2.19888e-16 2.19888e-16 -0.192225  7 -3.09906e-16 3.09906e-16 -0.270918  
38 3 1 -0.536857 -4.91293e-15 6.14116e-16  3 -0.192225 -1.75911e-15 2.19888e-16  7 -0.270918 -2.47925e-15 3.09906e-16  
39 3 1 -4.80861e-15 -0.514017 2.10377e-15  3 -2.23221e-15 -0.238613 9.76593e-16  7 -2.31413e-15 -0.24737 1.01243e-15  
40 3 1 2.10377e-15 -2.10377e-15 -0.514017  3 9.76593e-16 -9.76593e-16 -0.238613  7 1.01243e-15 -1.01243e-15 -0.24737  
41 3 1 -0.514017 4.80861e-15 -2.10377e-15  3 -0.238613 2.23221e-15 -9.76593e-16  7 -0.24737 2.31413e-15 -1.01243e-15  
42 3 1 2.40051e-15 -0.527061 -9.00192e-16  3 9.64748e-16 -0.211822 -3.6178e-16  7 1.18926e-15 -0.261117 -4.45973e-16  
43 3 1 -9.00192e-16 9.00192e-16 -0.527061  3 -3.6178e-16 3.6178e-16 -0.211822  7 -4.45973e-16 4.45973e-16 -0.261117  
44 3 1 -0.527061 -2.40051e-15 9.00192e-16  3 -0.211822 -9.64748e-16 3.6178e-16  7 -0.261117 -1.18926e-15 4.45973e-16  
45 3 1 2.4845e-15 -0.536783 1.86337e-15  3 1.10785e-15 -0.239355 8.30891e-16  7 1.03614e-15 -0.223861 7.77106e-16  
46 3 1 1.86337e-15 -1.86337e-15 -0.536783  3 8.30891e-16 -8.30891e-16 -0.239355  7 7.77106e-16 -7.77106e-16 -0.223861  
47 3 1 -0.536783 -2.4845e-15 -1.86337e-15  3 -0.239355 -1.10785e-15 -8.30891e-16  7 -0.223861 -1.03614e-15 -7.77106e-16  
48 3 1 -2.475e-15 -0.526952 5.87812e-15  3 -1.12451e-15 -0.23942 2.67071e-15  7 -1.09731e-15 -0.233628 2.60611e-15  
49 3 1 5.87812e-15 -5.87812e-15 -0.526952  3 2.67071e-15 -2.67071e-15 -0.23942  7 2.60611e-15 -2.60611e-15 -0.233628  
50 3 1 -0.526952 2.475e-15 -5.87812e-15  3 -0.23942 1.12451e-15 -2.67071e-15  7 -0.233628 1.09731e-15 -2.60611e-15  
51 3 1 0 -0.509834 -2.90082e-15  3 0 -0.292523 -1.66438e-15  7 0 -0.197643 -1.12454e-15  
52 3 1 -2.90082e-15 2.90082e-15 -0.509834  3 -1.66438e-15 1.66438e-15 -0.292523  7 -1.12454e-15 1.12454e-15 -0.197643  
53 3 1 -0.509834 -1.65049e-29 2.90082e-15  3 -0.292523 -9.46987e-30 1.66438e-15  7 -0.197643 -6.39832e-30 1.12454e-15  
54 3 1 -4.74153e-15 -0.512882 2.81529e-15  3 -2.47997e-15 -0.268254 1.47248e-15  7 -2.02338e-15 -0.218864 1.20138e-15  
55 3 1 2.81529e-15 -2.81529e-15 -0.512882  3 1.47248e-15 -1.47248e-15 -0.268254  7 1.20138e-15 -1.20138e-15 -0.218864  
56 3 1 -0.512882 4.74153e-15 -2.81529e-15  3 -0.268254 2.47997e-15 -1.47248e-15  7 -0.218864 2.02338e-15 -1.20138e-15  
57 3 1 0 -0.546812 3.33889e-15  3 0 -0.22517 1.37491e-15  7 0 -0.228017 1.39229e-15  
58 3 1 3.33889e-15 -3.33889e-15 -0.546812  3 1.37491e-15 -1.37491e-15 -0.22517  7 1.39229e-15 -1.39229e-15 -0.228017  
59 3 1 -0.546812 -2.03875e-29 -3.33889e-15  3 -0.22517 -8.39533e-30 -1.37491e-15  7 -0.228017 -8.50147e-30 -1.39229e-15  
60 3 1 -7.32415e-15 -0.549765 1.00707e-14  3 -2.83386e-15 -0.212715 3.89656e-15  7 -3.1643e-15 -0.237519 4.35092e-15  
61 3 1 1.00707e-14 -1.00707e-14 -0.549765  3 3.89656e-15 -3.89656e-15 -0.212715  7 4.35092e-15 -4.35092e-15 -0.237519  
62 3 1 -0.549765 7.32415e-15 -1.00707e-14  3 -0.212715 2.83386e-15 -3.89656e-15  7 -0.237519 3.1643e-15 -4.35092e-15  
63 3 1 2.40738e-15 -0.54212 -3.31015e-15  3 1.0597e-15 -0.238634 -1.45708e-15  7 9.736e-16 -0.219246 -1.3387e-15  
64 3 1 -3.31015e-15 3.31015e-15 -0.54212  3 -1.45708e-15 1.45708e-15 -0.238634  7 -1.3387e-15 1.3387e-15 -0.219246  
65 3 1 -0.54212 -2.40738e-15 3.31015e-15  3 -0.238634 -1.0597e-15 1.45708e-15  7 -0.219246 -9.736e-16 1.3387e-15  
66 3 1 2.37944e-15 -0.535827 -4.75889e-15  3 1.12186e-15 -0.252632 -2.24373e-15  7 9.39388e-16 -0.211541 -1.87878e-15  
67 3 1 -4.75889e-15 4.75889e-15 -0.535827  3 -2.24373e-15 2.24373e-15 -0.252632  7 -1.87878e-15 1.87878e-15 -0.211541  
68 3 1 -0.535827 -2.37944e-15 4.75889e-15  3 -0.252632 -1.12186e-15 2.24373e-15  7 -0.211541 -9.39388e-16 1.87878e-15  
69 3 1 0 -0.519366 7.49554e-15  3 0 -0.280069 4.04199e-15  7 0 -0.200565 2.89458e-15  
70 3 1 7.49554e-15 -7.49554e-15 -0.519366  3 4.04199e-15 -4.04199e-15 -0.280069  7 2.89458e-15 -2.89458e-15 -0.200565  
71 3 1 -0.519366 -1.08177e-28 -7.49554e-15  3 -0.280069 -5.83344e-29 -4.04199e-15  7 -0.200565 -4.1775e-29 -2.89458e-15  
72 3 1 -7.22822e-15 -0.522779 8.58351e-15  3 -3.70123e-15 -0.26769 4.39521e-15  7 -2.89708e-15 -0.209531 3.44029e-15  
73 3 1 8.58351e-15 -8.58351e-15 -0.522779  3 4.39521e-15 -4.39521e-15 -0.26769  7 3.44029e-15 -3.44029e-15 -0.209531  
74 3 1 -0.522779 7.22822e-15 -8.58351e-15  3 -0.26769 3.70123e-15 -4.39521e-15  7 -0.209531 2.89708e-15 -3.44029e-15  
75 3 1 4.69039e-15 -0.528115 -5.56984e-15  3 2.36797e-15 -0.266621 -2.81196e-15  7 1.82303e-15 -0.205264 -2.16485e-15  
76 3 1 -5.56984e-15 5.56984e-15 -0.528115  3 -2.81196e-15 2.81196e-15 -0.266621  7 -2.16485e-15 2.16485e-15 -0.205264  
77 3 1 -0.528115 -4.69039e-15 5.56984e-15  3 -0.266621 -2.36797e-15 2.81196e-15  7 -0.205264 -1.82303e-15 2.16485e-15  
78 3 1 -2.09581e-15 -0.471926 3.92965e-15  3 -1.05913e-15 -0.238491 1.98587e-15  7 -1.28604e-15 -0.289584 2.41132e-15  
79 3 1 3.92965e-15 -3.92965e-15 -0.471926  3 1.98587e-15 -1.98587e-15 -0.238491  7 2.41132e-15 -2.41132e-15 -0.289584  
80 3 1 -0.471926 2.09581e-15 -3.92965e-15  3 -0.238491 1.05913e-15 -1.98587e-15  7 -0.289584 1.28604e-15 -2.41132e-15  
81 3 1 -2.17689e-15 -0.490178 4.28575e-15  3 -9.4416e-16 -0.2126 1.85881e-15  7 -1.31997e-15 -0.297223 2.59869e-15  
82 3 1 4.28575e-15 -4.28575e-15 -0.490178  3 1.85881e-15 -1.85881e-15 -0.2126  7 2.59869e-15 -2.59869e-15 -0.297223  
83 3 1 -0.490178 2.17689e-15 -4.28575e-15  3 -0.2126 9.4416e-16 -1.85881e-15  7 -0.297223 1.31997e-15 -2.59869e-15  
84 3 1 1.11044e-15 -0.500085 -6.61169e-15  3 4.48125e-16 -0.201812 -2.66818e-15  7 6.6194e-16 -0.298103 -3.94126e-15  
85 3 1 -6.61169e-15 6.61169e-15 -0.500085  3 -2.66818e-15 2.66818e-15 -0.201812  7 -3.94126e-15 3.94126e-15 -0.298103  
86 3 1 -0.500085 -1.11044e-15 6.61169e-15  3 -0.201812 -4.48125e-16 2.66818e-15  7 -0.298103 -6.6194e-16 3.94126e-15  
87 3 1 -4.54963e-15 -0.500056 3.41223e-15  3 -1.92239e-15 -0.211293 1.44179e-15  7 -2.62622e-15 -0.288651 1.96967e-15  
88 3 1 3.41223e-15 -3.41223e-15 -0.500056  3 1.44179e-15 -1.44179e-15 -0.211293  7 1.96967e-15 -1.96967e-15 -0.288651  
89 3 1 -0.500056 4.54963e-15 -3.41223e-15  3 -0.211293 1.92239e-15 -1.44179e-15  7 -0.288651 2.62622e-15 -1.96967e-15  
90 3 1 2.13459e-15 -0.480659 -3.86894e-15  3 9.99457e-16 -0.225054 -1.81152e-15  7 1.30691e-15 -0.294286 -2.36878e-15  
91 3 1 -3.86894e-15 3.86894e-15 -0.480659  3 -1.81152e-15 1.81152e-15 -0.225054  7 -2.36878e-15 2.36878e-15 -0.294286  
92 3 1 -0.480659 -2.13459e-15 3.86894e-15  3 -0.225054 -9.99457e-16 1.81152e-15  7 -0.294286 -1.30691e-15 2.36878e-15  
93 3 1 -2.25062e-15 -0.487167 4.78258e-15  3 -1.09426e-15 -0.236861 2.32529e-15  7 -1.27494e-15 -0.275972 2.70926e-15  
94 3 1 4.78258e-15 -4.78258e-15 -0.487167  3 2.32529e-15 -2.32529e-15 -0.236861  7 2.70926e-15 -2.70926e-15 -0.275972  
95 3 1 -0.487167 2.25062e-15 -4.78258e-15  3 -0.236861 1.09426e-15 -2.32529e-15  7 -0.275972 1.27494e-15 -2.70926e-15  
96 3 1 0 -0.464223 -4.63856e-15  3 0 -0.252447 -2.52247e-15  7 0 -0.28333 -2.83106e-15  
97 3 1 -4.63856e-15 4.63856e-15 -0.464223  3 -2.52247e-15 2.52247e-15 -0.252447  7 -2.83106e-15 2.83106e-15 -0.28333  
98 3 1 -0.464223 -4.63489e-29 4.63856e-15  3 -0.252447 -2.52048e-29 2.52247e-15  7 -0.28333 -2.82882e-29 2.83106e-15  
99 3 1 -4.40122e-15 -0.477263 1.65046e-15  3 -2.18949e-15 -0.237426 8.21058e-16  7 -2.63108e-15 -0.285311 9.86656e-16  
100 3 1 1.65046e-15 -1.65046e-15 -0.477263  3 8.21058e-16 -8.21058e-16 -0.237426  7 9.86656e-16 -9.86656e-16 -0.285311  
101 3 1 -0.477263 4.40122e-15 -1.65046e-15  3 -0.237426 2.18949e-15 -8.21058e-16  7 -0.285311 2.63108e-15 -9.86656e-16  
102 3 1 0 -0.499992 6.95014e-15  3 0 -0.237533 3.30183e-15  7 0 -0.262475 3.64853e-15  
103 3 1 6.95014e-15 -6.95014e-15 -0.499992  3 3.30183e-15 -3.30183e-15 -0.237533  7 3.64853e-15 -3.64853e-15 -0.262475  
104 3 1 -0.499992 -9.66105e-29 -6.95014e-15  3 -0.237533 -4.58971e-29 -3.30183e-15  7 -0.262475 -5.07164e-29 -3.64853e-15  
105 3 1 0 -0.473071 -4.73621e-15  3 0 -0.265692 -2.66001e-15  7 0 -0.261237 -2.61541e-15  
106 3 1 -4.73621e-15 4.73621e-15 -0.473071  3 -2.66001e-15 2.66001e-15 -0.265692  7 -2.61541e-15 2.61541e-15 -0.261237  
107 3 1 -0.473071 -4.74172e-29 4.73621e-15  3 -0.265692 -2.6631e-29 2.66001e-15  7 -0.261237 -2.61845e-29 2.61541e-15  
108 3 1 -4.29356e-15 -0.463248 -5.0986e-15  3 -2.46285e-15 -0.265726 -2.92464e-15  7 -2.51197e-15 -0.271025 -2.98296e-15  
109 3 1 -5.0986e-15 5.0986e-15 -0.463248  3 -2.92464e-15 2.92464e-15 -0.265726  7 -2.98296e-15 2.98296e-15 -0.271025  
110 3 1 -0.463248 4.29356e-15 5.0986e-15  3 -0.265726 2.46285e-15 2.92464e-15  7 -0.271025 2.51197e-15 2.98296e-15  
111 3 1 2.03359e-15 -0.457924 2.54199e-16  3 1.18316e-15 -0.266423 1.47894e-16  7 1.22414e-15 -0.275653 1.53018e-16  
112 3 1 2.54199e-16 -2.54199e-16 -0.457924  3 1.47894e-16 -1.47894e-16 -0.266423  7 1.53018e-16 -1.53018e-16 -0.275653  
113 3 1 -0.457924 -2.03359e-15 -2.54199e-16  3 -0.266423 -1.18316e-15 -1.47894e-16  7 -0.275653 -1.22414e-15 -1.53018e-16  
114 3 1 1.99962e-15 -0.450279 -2.49953e-16  3 1.29821e-15 -0.292334 -1.62276e-16  7 1.14302e-15 -0.257387 -1.42877e-16  
115 3 1 -2.49953e-16 2.49953e-16 -0.450279  3 -1.62276e-16 1.62276e-16 -0.292334  7 -1.42877e-16 1.42877e-16 -0.257387  
116 3 1 -0.450279 -1.99962e-15 2.49953e-16  3 -0.292334 -1.29821e-15 1.62276e-16  7 -0.257387 -1.14302e-15 1.42877e-16  
117 3 1 -2.0127e-15 -0.453224 -1.25793e-15  3 -1.24292e-15 -0.279885 -7.76827e-16  7 -1.18522e-15 -0.266891 -7.40762e-16  
118 3 1 -1.25793e-15 1.25793e-15 -0.453224  3 -7.76827e-16 7.76827e-16 -0.279885  7 -7.40762e-16 7.40762e-16 -0.266891  
119 3 1 -0.453224 2.0127e-15 1.25793e-15  3 -0.279885 1.24292e-15 7.76827e-16  7 -0.266891 1.18522e-15 7.40762e-16  
120 3 1 3.99831e-15 -0.450202 5.49768e-15  3 2.77263e-15 -0.312193 3.81237e-15  7 2.11022e-15 -0.237606 2.90155e-15  
121 3 1 5.49768e-15 -5.49768e-15 -0.450202  3 3.81237e-15 -3.81237e-15 -0.312193  7 2.90155e-15 -2.90155e-15 -0.237606  
122 3 1 -0.450202 -3.99831e-15 -5.49768e-15  3 -0.312193 -2.77263e-15 -3.81237e-15  7 -0.237606 -2.11022e-15 -2.90155e-15  
123 3 1 -3.98995e-15 -0.449256 -1.49623e-15  3 -2.6932e-15 -0.303246 -1.00995e-15  7 -2.19808e-15 -0.247497 -8.24279e-16  
124 3 1 -1.49623e-15 1.49623e-15 -0.449256  3 -1.00995e-15 1.00995e-15 -0.303246  7 -8.24279e-16 8.24279e-16 -0.247497  
125 3 1 -0.449256 3.98995e-15 1.49623e-15  3 -0.303246 2.6932e-15 1.00995e-15  7 -0.247497 2.19808e-15 8.24279e-16  
126 3 1 2.10491e-15 -0.460124 -2.10491e-15  3 1.33764e-15 -0.292403 -1.33764e-15  7 1.13211e-15 -0.247474 -1.13211e-15  
127 3 1 -2.10491e-15 2.10491e-15 -0.460124  3 -1.33764e-15 1.33764e-15 -0.292403  7 -1.13211e-15 1.13211e-15 -0.247474  
128 3 1 -0.460124 -2.10491e-15 2.10491e-15  3 -0.292403 -1.33764e-15 1.33764e-15  7 -0.247474 -1.13211e-15 1.13211e-15  
129 3 1 2.26987e-15 -0.485994 5.53281e-15  3 1.24515e-15 -0.266594 3.03505e-15  7 1.15556e-15 -0.247412 2.81667e-15  
130 3 1 5.53281e-15 -5.53281e-15 -0.485994  3 3.03505e-15 -3.03505e-15 -0.266594  7 2.81667e-15 -2.81667e-15 -0.247412  
131 3 1 -0.485994 -2.26987e-15 -5.53281e-15  3 -0.266594 -1.24515e-15 -3.03505e-15  7 -0.247412 -1.15556e-15 -2.81667e-15  
132 3 1 6.65225e-15 -0.48703 4.29624e-15  3 4.0161e-15 -0.29403 2.59373e-15  7 2.99047e-15 -0.21894 1.93134e-15  
133 3 1 4.29624e-15 -4.29624e-15 -0.48703  3 2.59373e-15 -2.59373e-15 -0.29403  7 1.93134e-15 -1.93134e-15 -0.21894  
134 3 1 -0.48703 -6.65225e-15 -4.29624e-15  3 -0.29403 -4.0161e-15 -2.59373e-15  7 -0.21894 -2.99047e-15 -1.93134e-15  
135 3 1 6.98606e-15 -0.50005 2.44922e-15  3 3.73917e-15 -0.267644 1.3109e-15  7 3.24548e-15 -0.232306 1.13782e-15  
136 3 1 2.44922e-15 -2.44922e-15 -0.50005  3 1.3109e-15 -1.3109e-15 -0.267644  7 1.13782e-15 -1.13782e-15 -0.232306  
137 3 1 -0.50005 -6.98606e-15 -2.44922e-15  3 -0.267644 -3.73917e-15 -1.3109e-15  7 -0.232306 -3.24548e-15 -1.13782e-15  
138 3 1 -2.11953e-15 -0.463153 -1.05977e-15  3 -1.43195e-15 -0.312905 -7.15976e-16  7 -1.02483e-15 -0.223942 -5.12416e-16  
139 3 1 -1.05977e-15 1.05977e-15 -0.463153  3 -7.15976e-16 7.15976e-16 -0.312905  7 -5.12416e-16 5.12416e-16 -0.223942  
140 3 1 -0.463153 2.11953e-15 1.05977e-15  3 -0.312905 1.43195e-15 7.15976e-16  7 -0.223942 1.02483e-15 5.12416e-16  
141 3 1 4.31132e-15 -0.472962 6.19753e-15  3 2.67385e-15 -0.293327 3.84366e-15  7 2.13041e-15 -0.23371 3.06246e-15  
142 3 1 6.19753e-15 -6.19753e-15 -0.472962  3 3.84366e-15 -3.84366e-15 -0.293327  7 3.06246e-15 -3.06246e-15 -0.23371  
143 3 1 -0.472962 -4.31132e-15 -6.19753e-15  3 -0.293327 -2.67385e-15 -3.84366e-15  7 -0.23371 -2.13041e-15 -3.06246e-15  
144 3 1 0 -0.453089 3.77251e-15  3 0 -0.318841 2.65474e-15  7 0 -0.228069 1.89895e-15  
145 3 1 3.77251e-15 -3.77251e-15 -0.453089  3 2.65474e-15 -2.65474e-15 -0.318841  7 1.89895e-15 -1.89895e-15 -0.228069  
146 3 1 -0.453089 -3.14107e-29 -3.77251e-15  3 -0.318841 -2.21039e-29 -2.65474e-15  7 -0.228069 -1.58111e-29 -1.89895e-15  
147 3 1 0 -0.457815 -4.06601e-15  3 0 -0.322865 -2.86747e-15  7 0 -0.219321 -1.94786e-15  
148 3 1 -4.06601e-15 4.06601e-15 -0.457815  3 -2.86747e-15 2.86747e-15 -0.322865  7 -1.94786e-15 1.94786e-15 -0.219321  
149 3 1 -0.457815 -3.61116e-29 4.06601e-15  3 -0.322865 -2.5467e-29 2.86747e-15  7 -0.219321 -1.72996e-29 1.94786e-15  
150 3 1 2.22016e-15 -0.499921 -2.02937e-15  3 1.34696e-15 -0.3033 -1.23121e-15  7 8.739e-16 -0.196779 -7.98799e-16  
151 3 1 -2.02937e-15 2.02937e-15 -0.499921  3 -1.23121e-15 1.23121e-15 -0.3033  7 -7.98799e-16 7.98799e-16 -0.196779  
152 3 1 -0.499921 -2.22016e-15 2.02937e-15  3 -0.3033 -1.34696e-15 1.23121e-15  7 -0.196779 -8.739e-16 7.98799e-16  
153 3 1 0 -0.490076 -9.65795e-15  3 0 -0.312185 -6.15225e-15  7 0 -0.197739 -3.89685e-15  
154 3 1 -9.65795e-15 9.65795e-15 -0.490076  3 -6.15225e-15 6.15225e-15 -0.312185  7 -3.89685e-15 3.89685e-15 -0.197739  
155 3 1 -0.490076 -1.9033e-28 9.65795e-15  3 -0.312185 -1.21243e-28 6.15225e-15  7 -0.197739 -7.67954e-29 3.89685e-15  
156 3 1 0 -0.499949 -2.1789e-15  3 0 -0.293831 -1.28059e-15  7 0 -0.206219 -8.98754e-16  
157 3 1 -2.1789e-15 2.1789e-15 -0.499949  3 -1.28059e-15 1.28059e-15 -0.293831  7 -8.98754e-16 8.98754e-16 -0.206219  
158 3 1 -0.499949 -9.49618e-30 2.1789e-15  3 -0.293831 -5.58111e-30 1.28059e-15  7 -0.206219 -3.91699e-30 8.98754e-16  
159 3 1 2.17225e-15 -0.477152 -5.70216e-15  3 1.42629e-15 -0.313296 -3.74401e-15  7 9.53991e-16 -0.209552 -2.50423e-15  
160 3 1 -5.70216e-15 5.70216e-15 -0.477152  3 -3.74401e-15 3.74401e-15 -0.313296  7 -2.50423e-15 2.50423e-15 -0.209552  
161 3 1 -0.477152 -2.17225e-15 5.70216e-15  3 -0.313296 -1.42629e-15 3.74401e-15  7 -0.209552 -9.53991e-16 2.50423e-15  
162 3 1 0 -0.480536 -6.66896e-16  3 0 -0.318872 -4.42536e-16  7 0 -0.200592 -2.78385e-16  
163 3 1 -6.66896e-16 6.66896e-16 -0.480536  3 -4.42536e-16 4.42536e-16 -0.318872  7 -2.78385e-16 2.78385e-16 -0.200592  
164 3 1 -0.480536 -9.25529e-31 6.66896e-16  3 -0.318872 -6.14159e-31 4.42536e-16  7 -0.200592 -3.86347e-31 2.78385e-16  
165 3 1 4.12033e-15 -0.464086 -2.06016e-15  3 2.87951e-15 -0.324328 -1.43975e-15  7 1.87854e-15 -0.211586 -9.39269e-16  
166 3 1 -2.06016e-15 2.06016e-15 -0.464086  3 -1.43975e-15 1.43975e-15 -0.324328  7 -9.39269e-16 9.39269e-16 -0.211586  
167 3 1 -0.464086 -4.12033e-15 2.06016e-15  3 -0.324328 -2.87951e-15 1.43975e-15  7 -0.211586 -1.87854e-15 9.39269e-16  
168 3 1 -6.28551e-15 -0.47179 -5.23792e-15  3 -4.3022e-15 -0.322923 -3.58517e-15  7 -2.73497e-15 -0.205287 -2.27915e-15  
169 3 1 -5.23792e-15 5.23792e-15 -0.47179  3 -3.58517e-15 3.58517e-15 -0.322923  7 -2.27915e-15 2.27915e-15 -0.205287  
170 3 1 -0.47179 6.28551e-15 5.23792e-15  3 -0.322923 4.3022e-15 3.58517e-15  7 -0.205287 2.73497e-15 2.27915e-15  

/Floor/Collision/MechanicalObject.showColor = 1 1 1 1
/Floor/mstate.constraint = 0 1 0 4.44089e-15 -1 0 0 0 -4.95  
1 1 0 1.97215e-29 8.75812e-44 -1 0.25188 4.95 4.96746e-30  
2 1 0 -1 -4.44089e-15 -1.97215e-29 6.31089e-30 0 -0.25188  
3 1 0 8.8733e-15 -1 3.32749e-15 0.718397 2.0797e-14 4.33432  
4 1 0 3.32749e-15 -3.32749e-15 -1 0.25188 -4.33432 1.52605e-14  
5 1 0 -1 -8.8733e-15 -3.32749e-15 7.21268e-15 -0.718397 -0.25188  
6 1 0 4.44086e-15 -1 1.33226e-14 0.84374 6.35484e-14 4.48873  
7 1 0 1.33226e-14 -1.33226e-14 -1 0.25188 -4.48873 6.31572e-14  
8 1 0 -1 -4.44086e-15 -1.33226e-14 7.10262e-15 -0.84374 -0.25188  
9 1 0 8.88171e-15 -1 1.11021e-14 0.563735 5.1744e-14 4.20973  
10 1 0 1.11021e-14 -1.11021e-14 -1 0.25188 -4.20973 4.95334e-14  
11 1 0 -1 -8.88171e-15 -1.11021e-14 7.80333e-15 -0.563735 -0.25188  
12 1 0 4.44085e-15 -1 8.32659e-15 0.389406 3.5995e-14 4.11522  
13 1 0 8.32659e-15 -8.32659e-15 -1 0.25188 -4.11522 3.6363e-14  
14 1 0 -1 -4.44085e-15 -8.32659e-15 3.82659e-15 -0.389406 -0.25188  
15 1 0 -4.44086e-15 -1 -9.85315e-15 0.198757 -4.08608e-14 4.0574  
16 1 0 -9.85315e-15 9.85315e-15 -1 0.25188 -4.0574 -4.246e-14  
17 1 0 -1 4.44086e-15 9.85315e-15 -3.36446e-15 -0.198757 -0.25188  
18 1 0 4.57664e-15 -1 -6.57892e-15 0.2595 -2.83057e-14 4.483  
19 1 0 -6.57892e-15 6.57892e-15 -1 0.25188 -4.483 -3.11504e-14  
20 1 0 -1 -4.57664e-15 6.57892e-15 -4.69458e-16 -0.2595 -0.25188  
21 1 0 0 -1 3.4423e-15 0.456882 1.47866e-14 4.29556  
22 1 0 3.4423e-15 -3.4423e-15 -1 0.25188 -4.29556 1.56536e-14  
23 1 0 -1 -1.18494e-29 -3.4423e-15 8.67046e-16 -0.456882 -0.25188  
24 1 0 0 -1 -9.99231e-15 0.93864 -4.65958e-14 4.66317  
25 1 0 -9.99231e-15 9.99231e-15 -1 0.25188 -4.66317 -4.91127e-14  
26 1 0 -1 -9.98463e-29 9.99231e-15 -2.51686e-15 -0.93864 -0.25188  
27 1 0 9.14071e-15 -1 -1.37111e-14 0.798135 -6.197e-14 5.0518  
28 1 0 -1.37111e-14 1.37111e-14 -1 0.25188 -5.0518 -7.27191e-14  
29 1 0 -1 -9.14071e-15 1.37111e-14 3.84198e-15 -0.798135 -0.25188  
30 1 0 4.44109e-15 -1 1.33233e-14 1.01531 7.18166e-14 5.05188  
31 1 0 1.33233e-14 -1.33233e-14 -1 0.25188 -5.05188 7.06634e-14  
32 1 0 -1 -4.44109e-15 -1.33233e-14 7.86494e-15 -1.01531 -0.25188  
33 1 0 0 -1 -7.77189e-15 0.996595 -3.77245e-14 4.85397  
34 1 0 -7.77189e-15 7.77189e-15 -1 0.25188 -4.85397 -3.96821e-14  
35 1 0 -1 -6.04023e-29 7.77189e-15 -1.95758e-15 -0.996595 -0.25188  
36 1 0 9.15128e-15 -1 -1.14391e-15 0.737136 1.50476e-15 4.58164  
37 1 0 -1.14391e-15 1.14391e-15 -1 0.25188 -4.58164 -5.52911e-15  
38 1 0 -1 -9.15128e-15 1.14391e-15 6.45761e-15 -0.737136 -0.25188  
39 1 0 -9.35496e-15 -1 4.09279e-15 0.28035 1.80566e-14 5.05261  
40 1 0 4.09279e-15 -4.09279e-15 -1 0.25188 -5.05261 2.17102e-14  
41 1 0 -1 9.35496e-15 -4.09279e-15 -1.59176e-15 -0.28035 -0.25188  
42 1 0 4.55452e-15 -1 -1.70795e-15 0.541224 -5.69497e-15 4.77766  
43 1 0 -1.70795e-15 1.70795e-15 -1 0.25188 -4.77766 -8.59019e-15  
44 1 0 -1 -4.55452e-15 1.70795e-15 2.03482e-15 -0.541224 -0.25188  
45 1 0 4.62849e-15 -1 3.47137e-15 0.735665 2.25766e-14 5.52277  
46 1 0 3.47137e-15 -3.47137e-15 -1 0.25188 -5.52277 2.0046e-14  
47 1 0 -1 -4.62849e-15 -3.47137e-15 4.27939e-15 -0.735665 -0.25188  
48 1 0 -4.69682e-15 -1 1.11549e-14 0.539037 5.68955e-14 5.32743  
49 1 0 1.11549e-14 -1.11549e-14 -1 0.25188 -5.32743 6.22369e-14  
50 1 0 -1 4.69682e-15 -1.11549e-14 2.77947e-16 -0.539037 -0.25188  
51 1 0 0 -1 -5.68973e-15 0.196672 -3.44066e-14 6.04714  
52 1 0 -5.68973e-15 5.68973e-15 -1 0.25188 -6.04714 -3.58397e-14  
53 1 0 -1 -3.23731e-29 5.68973e-15 -1.43313e-15 -0.196672 -0.25188  
54 1 0 -9.24488e-15 -1 5.48915e-15 0.257639 2.84821e-14 5.62271  
55 1 0 5.48915e-15 -5.48915e-15 -1 0.25188 -5.62271 3.22465e-14  
56 1 0 -1 9.24488e-15 -5.48915e-15 -9.99239e-16 -0.257639 -0.25188  
57 1 0 0 -1 6.10609e-15 0.936247 3.3215e-14 5.43966  
58 1 0 6.10609e-15 -6.10609e-15 -1 0.25188 -5.43966 3.4753e-14  
59 1 0 -1 -3.72844e-29 -6.10609e-15 1.538e-15 -0.936247 -0.25188  
60 1 0 -1.33223e-14 -1 1.83182e-14 0.995308 8.29036e-14 5.24962  
61 1 0 1.83182e-14 -1.83182e-14 -1 0.25188 -5.24962 1.00777e-13  
62 1 0 -1 1.33223e-14 -1.83182e-14 -8.64582e-15 -0.995308 -0.25188  
63 1 0 4.44068e-15 -1 -6.10593e-15 0.842399 -3.05445e-14 5.61508  
64 1 0 -6.10593e-15 6.10593e-15 -1 0.25188 -5.61508 -3.58233e-14  
65 1 0 -1 -4.44068e-15 6.10593e-15 2.20286e-15 -0.842399 -0.25188  
66 1 0 4.4407e-15 -1 -8.88139e-15 0.716536 -4.80565e-14 5.76919  
67 1 0 -8.88139e-15 8.88139e-15 -1 0.25188 -5.76919 -5.34754e-14  
68 1 0 -1 -4.4407e-15 8.88139e-15 9.44875e-16 -0.716536 -0.25188  
69 1 0 0 -1 1.44321e-14 0.387311 8.64295e-14 5.98869  
70 1 0 1.44321e-14 -1.44321e-14 -1 0.25188 -5.98869 9.00647e-14  
71 1 0 -1 -2.08286e-28 -1.44321e-14 3.63516e-15 -0.387311 -0.25188  
72 1 0 -1.38265e-14 -1 1.6419e-14 0.455577 8.90852e-14 5.80938  
73 1 0 1.6419e-14 -1.6419e-14 -1 0.25188 -5.80938 9.95199e-14  
74 1 0 -1 1.38265e-14 -1.6419e-14 -2.16343e-15 -0.455577 -0.25188  
75 1 0 8.88138e-15 -1 -1.05466e-14 0.562294 -5.71756e-14 5.89472  
76 1 0 -1.05466e-14 1.05466e-14 -1 0.25188 -5.89472 -6.4826e-14  
77 1 0 -1 -8.88138e-15 1.05466e-14 2.33746e-15 -0.562294 -0.25188  
78 1 0 -4.44098e-15 -1 8.32683e-15 -0.561488 3.75356e-14 4.20832  
79 1 0 8.32683e-15 -8.32683e-15 -1 0.25188 -4.20832 3.71394e-14  
80 1 0 -1 4.44098e-15 -8.32683e-15 4.59092e-15 0.561488 -0.25188  
81 1 0 -4.44102e-15 -1 8.74326e-15 -0.196445 3.63311e-14 4.05555  
82 1 0 8.74326e-15 -8.74326e-15 -1 0.25188 -4.05555 3.7661e-14  
83 1 0 -1 4.44102e-15 -8.74326e-15 3.07467e-15 0.196445 -0.25188  
84 1 0 2.22051e-15 -1 -1.32211e-14 0.00170776 -5.33824e-14 4.03794  
85 1 0 -1.32211e-14 1.32211e-14 -1 0.25188 -4.03794 -5.67163e-14  
86 1 0 -1 -2.22051e-15 1.32211e-14 -3.32635e-15 -0.00170776 -0.25188  
87 1 0 -9.09825e-15 -1 6.82368e-15 0.00112283 2.88333e-14 4.22697  
88 1 0 6.82368e-15 -6.82368e-15 -1 0.25188 -4.22697 3.05623e-14  
89 1 0 -1 9.09825e-15 -6.82368e-15 1.70853e-15 -0.00112283 -0.25188  
90 1 0 4.44096e-15 -1 -8.04923e-15 -0.386813 -3.48346e-14 4.11428  
91 1 0 -8.04923e-15 8.04923e-15 -1 0.25188 -4.11428 -3.51442e-14  
92 1 0 -1 -4.44096e-15 8.04923e-15 -3.74526e-15 0.386813 -0.25188  
93 1 0 -4.61982e-15 -1 9.81712e-15 -0.256668 4.51719e-14 4.48055  
94 1 0 9.81712e-15 -9.81712e-15 -1 0.25188 -4.48055 4.64589e-14  
95 1 0 -1 4.61982e-15 -9.81712e-15 3.6585e-15 0.256668 -0.25188  
96 1 0 0 -1 -9.99209e-15 -0.715543 -4.32996e-14 4.33339  
97 1 0 -9.99209e-15 9.99209e-15 -1 0.25188 -4.33339 -4.58165e-14  
98 1 0 -1 -9.98419e-29 9.99209e-15 -2.51681e-15 0.715543 -0.25188  
99 1 0 -9.22179e-15 -1 3.45817e-15 -0.45474 1.90421e-14 4.29377  
100 1 0 3.45817e-15 -3.45817e-15 -1 0.25188 -4.29377 1.57196e-14  
101 1 0 -1 9.22179e-15 -3.45817e-15 5.06456e-15 0.45474 -0.25188  
102 1 0 0 -1 1.39005e-14 -0.000158504 6.60345e-14 4.75051  
103 1 0 1.39005e-14 -1.39005e-14 -1 0.25188 -4.75051 6.95357e-14  
104 1 0 -1 -1.93224e-28 -1.39005e-14 3.50126e-15 0.000158504 -0.25188  
105 1 0 0 -1 -1.00116e-14 -0.538583 -4.78081e-14 4.77525  
106 1 0 -1.00116e-14 1.00116e-14 -1 0.25188 -4.77525 -5.03298e-14  
107 1 0 -1 -1.00233e-28 1.00116e-14 -2.52173e-15 0.538583 -0.25188  
108 1 0 -9.26838e-15 -1 -1.10062e-14 -0.735035 -4.35902e-14 4.57949  
109 1 0 -1.10062e-14 1.10062e-14 -1 0.25188 -4.57949 -5.31751e-14  
110 1 0 -1 9.26838e-15 1.10062e-14 4.04034e-15 0.735035 -0.25188  
111 1 0 4.44089e-15 -1 5.55112e-16 -0.841516 -1.24633e-15 4.48694  
112 1 0 5.55112e-16 -5.55112e-16 -1 0.25188 -4.48694 2.63058e-15  
113 1 0 -1 -4.44089e-15 -5.55112e-16 -3.59726e-15 0.841516 -0.25188  
114 1 0 4.44085e-15 -1 -5.55106e-16 -0.994418 -7.10958e-15 4.85226  
115 1 0 -5.55106e-16 5.55106e-16 -1 0.25188 -4.85226 -2.83334e-15  
116 1 0 -1 -4.44085e-15 5.55106e-16 -4.55588e-15 0.994418 -0.25188  
117 1 0 -4.44084e-15 -1 -2.77552e-15 -0.935513 -8.78553e-15 4.66218  
118 1 0 -2.77552e-15 2.77552e-15 -1 0.25188 -4.66218 -1.36391e-14  
119 1 0 -1 4.44084e-15 2.77552e-15 3.45536e-15 0.935513 -0.25188  
120 1 0 8.88116e-15 -1 1.22116e-14 -0.995968 5.52397e-14 5.24788  
121 1 0 1.22116e-14 -1.22116e-14 -1 0.25188 -5.24788 6.71609e-14  
122 1 0 -1 -8.88116e-15 -1.22116e-14 -5.76949e-15 0.995968 -0.25188  
123 1 0 -8.88122e-15 -1 -3.33046e-15 -1.01487 -7.80571e-15 5.05005  
124 1 0 -3.33046e-15 3.33046e-15 -1 0.25188 -5.05005 -1.76579e-14  
125 1 0 -1 8.88122e-15 3.33046e-15 8.17442e-15 1.01487 -0.25188  
126 1 0 4.57467e-15 -1 -4.57467e-15 -0.797523 -2.67529e-14 5.05053  
127 1 0 -4.57467e-15 4.57467e-15 -1 0.25188 -5.05053 -2.42568e-14  
128 1 0 -1 -4.57467e-15 4.57467e-15 -4.80067e-15 0.797523 -0.25188  
129 1 0 4.67057e-15 -1 1.13845e-14 -0.280126 5.62035e-14 5.05176  
130 1 0 1.13845e-14 -1.13845e-14 -1 0.25188 -5.05176 6.03794e-14  
131 1 0 -1 -4.67057e-15 -1.13845e-14 1.55918e-15 0.280126 -0.25188  
132 1 0 1.36588e-14 -1 8.82132e-15 -0.259409 4.60431e-14 5.62119  
133 1 0 8.82132e-15 -8.82132e-15 -1 0.25188 -5.62119 5.18082e-14  
134 1 0 -1 -1.36588e-14 -8.82132e-15 -1.32131e-15 0.259409 -0.25188  
135 1 0 1.39707e-14 -1 4.89794e-15 0.00100464 2.6237e-14 5.35388  
136 1 0 4.89794e-15 -4.89794e-15 -1 0.25188 -5.35388 2.74567e-14  
137 1 0 -1 -1.39707e-14 -4.89794e-15 1.24773e-15 -0.00100464 -0.25188  
138 1 0 -4.57632e-15 -1 -2.28816e-15 -0.736942 -9.26079e-15 5.52115  
139 1 0 -2.28816e-15 2.28816e-15 -1 0.25188 -5.52115 -1.32096e-14  
140 1 0 -1 4.57632e-15 2.28816e-15 2.79614e-15 0.736942 -0.25188  
141 1 0 9.11558e-15 -1 1.31036e-14 -0.540758 6.4858e-14 5.32579  
142 1 0 1.31036e-14 -1.31036e-14 -1 0.25188 -5.32579 7.30878e-14  
143 1 0 -1 -9.11558e-15 -1.31036e-14 -1.62878e-15 0.540758 -0.25188  
144 1 0 0 -1 8.3262e-15 -0.938218 4.5283e-14 5.43861  
145 1 0 8.3262e-15 -8.3262e-15 -1 0.25188 -5.43861 4.73802e-14  
146 1 0 -1 -6.93257e-29 -8.3262e-15 2.0972e-15 0.938218 -0.25188  
147 1 0 0 -1 -8.88134e-15 -0.843707 -4.98562e-14 5.61359  
148 1 0 -8.88134e-15 8.88134e-15 -1 0.25188 -5.61359 -5.20932e-14  
149 1 0 -1 -7.88782e-29 8.88134e-15 -2.23703e-15 0.843707 -0.25188  
150 1 0 4.44102e-15 -1 -4.05937e-15 -0.00158054 -2.46248e-14 6.06442  
151 1 0 -4.05937e-15 4.05937e-15 -1 0.25188 -6.06442 -2.56402e-14  
152 1 0 -1 -4.44102e-15 4.05937e-15 -1.02949e-15 0.00158054 -0.25188  
153 1 0 0 -1 -1.97071e-14 -0.198479 -1.19134e-13 6.04522  
154 1 0 -1.97071e-14 1.97071e-14 -1 0.25188 -6.04522 -1.24097e-13  
155 1 0 -1 -3.88368e-28 1.97071e-14 -4.96381e-15 0.198479 -0.25188  
156 1 0 0 -1 -4.35824e-15 -0.00101138 -2.56073e-14 5.87561  
157 1 0 -4.35824e-15 4.35824e-15 -1 0.25188 -5.87561 -2.67051e-14  
158 1 0 -1 -1.89943e-29 4.35824e-15 -1.09775e-15 0.00101138 -0.25188  
159 1 0 4.55253e-15 -1 -1.19504e-14 -0.456959 -7.14998e-14 5.80897  
160 1 0 -1.19504e-14 1.19504e-14 -1 0.25188 -5.80897 -7.24295e-14  
161 1 0 -1 -4.55253e-15 1.19504e-14 -5.09039e-15 0.456959 -0.25188  
162 1 0 0 -1 -1.38782e-15 -0.389283 -8.31046e-15 5.98816  
163 1 0 -1.38782e-15 1.38782e-15 -1 0.25188 -5.98816 -8.66003e-15  
164 1 0 -1 -1.92603e-30 1.38782e-15 -3.49563e-16 0.389283 -0.25188  
165 1 0 8.87838e-15 -1 -4.43919e-15 -0.718282 -3.19837e-14 5.76829  
166 1 0 -4.43919e-15 4.43919e-15 -1 0.25188 -5.76829 -2.67246e-14  
167 1 0 -1 -8.87838e-15 4.43919e-15 -7.49532e-15 0.718282 -0.25188  
168 1 0 -1.33227e-14 -1 -1.11022e-14 -0.5642 -5.79228e-14 5.89426  
169 1 0 -1.11022e-14 1.11022e-14 -1 0.25188 -5.89426 -6.82359e-14  
170 1 0 -1 1.33227e-14 1.11022e-14 4.72022e-15 0.5642 -0.25188  

/Floor/mstate.showColor = 1 1 1 1
/Floor/mstate.lambda = -9.59981e-05 -99.0803 -5.43317e-05 -0.000226419 -0.000376248 -480.644
/DeformableCone/ElasticMaterialObject/dofs.constraint = 3 4 25 -1.33025e-14 1 4.43416e-15  27 2.75053e-21 -2.06769e-07 -9.16844e-22  64 6.34236e-20 -4.76783e-06 -2.11412e-20  537 2.18908e-36 -1.64563e-22 -7.29693e-37  
4 4 25 4.43416e-15 -4.43416e-15 1  27 -9.16844e-22 9.16844e-22 -2.06769e-07  64 -2.11412e-20 2.11412e-20 -4.76783e-06  537 -7.29693e-37 7.29693e-37 -1.64563e-22  
5 4 25 1 1.33025e-14 -4.43416e-15  27 -2.06769e-07 -2.75053e-21 9.16844e-22  64 -4.76783e-06 -6.34236e-20 2.11412e-20  537 -1.64563e-22 -2.18908e-36 7.29693e-37  
6 4 27 -4.44094e-15 0.999999 -0  29 -1.04567e-20 2.35462e-06 -0  65 7.86458e-21 -1.77093e-06 0  539 -6.25923e-36 1.40944e-21 -0  
7 4 27 -1.97219e-29 -8.75838e-44 0.999999  29 -4.64376e-35 -2.06226e-49 2.35462e-06  65 3.49261e-35 1.55105e-49 -1.77093e-06  539 -2.77968e-50 -1.23444e-64 1.40944e-21  
8 4 27 0.999999 4.44094e-15 1.97219e-29  29 2.35462e-06 1.04567e-20 4.64376e-35  65 -1.77093e-06 -7.86458e-21 -3.49261e-35  539 1.40944e-21 6.25923e-36 2.77968e-50  
9 4 23 -4.44091e-15 1 -1.66534e-15  64 1.09102e-20 -2.45675e-06 4.09133e-21  71 -1.99217e-22 4.48595e-08 -7.47062e-23  535 -0 0 -0  
10 4 23 -1.66534e-15 1.66534e-15 1  64 4.09133e-21 -4.09133e-21 -2.45675e-06  71 -7.47062e-23 7.47062e-23 4.48595e-08  535 -0 0 0  
11 4 23 1 4.44091e-15 1.66534e-15  64 -2.45675e-06 -1.09102e-20 -4.09133e-21  71 4.48595e-08 1.99217e-22 7.47062e-23  535 0 0 0  
12 4 21 8.88185e-15 1 -1.11023e-15  71 -3.33115e-20 -3.75052e-06 4.16394e-21  78 1.17927e-20 1.32773e-06 -1.47408e-21  533 -9.3855e-36 -1.05671e-21 1.17319e-36  
13 4 21 -1.11023e-15 1.11023e-15 1  71 4.16394e-21 -4.16394e-21 -3.75052e-06  78 -1.47408e-21 1.47408e-21 1.32773e-06  533 1.17319e-36 -1.17319e-36 -1.05671e-21  
14 4 21 1 -8.88185e-15 1.11023e-15  71 -3.75052e-06 3.33115e-20 -4.16394e-21  78 1.32773e-06 -1.17927e-20 1.47408e-21  533 -1.05671e-21 9.3855e-36 -1.17319e-36  
15 4 17 -2.50701e-21 1.41132e-07 -1.56688e-21  19 -1.77636e-14 0.999998 -1.11023e-14  85 -2.69658e-20 1.51803e-06 -1.68536e-20  529 4.9304e-31 -2.77556e-17 3.0815e-31  
16 4 17 -1.56688e-21 1.56688e-21 1.41132e-07  19 -1.11023e-14 1.11023e-14 0.999998  85 -1.68536e-20 1.68536e-20 1.51803e-06  529 3.0815e-31 -3.0815e-31 -2.77556e-17  
17 4 17 1.41132e-07 2.50701e-21 1.56688e-21  19 0.999998 1.77636e-14 1.11023e-14  85 1.51803e-06 2.69658e-20 1.68536e-20  529 -2.77556e-17 -4.9304e-31 -3.0815e-31  
18 4 79 -1.40008e-14 1 9.91725e-15  86 -1.16918e-20 8.3508e-07 8.28168e-21  490 4.17435e-20 -2.98151e-06 -2.95683e-20  588 -1.26377e-35 9.02642e-22 8.9517e-36  
19 4 79 9.91725e-15 -9.91725e-15 1  86 8.28168e-21 -8.28168e-21 8.3508e-07  490 -2.95683e-20 2.95683e-20 -2.98151e-06  588 8.9517e-36 -8.9517e-36 9.02642e-22  
20 4 79 1 1.40008e-14 -9.91725e-15  86 8.3508e-07 1.16918e-20 -8.28168e-21  490 -2.98151e-06 -4.17435e-20 2.95683e-20  588 9.02642e-22 1.26377e-35 -8.9517e-36  
21 4 21 -1.08218e-20 2.34432e-06 -5.41092e-21  23 -1.35662e-21 2.93883e-07 -6.7831e-22  71 -4.61618e-15 0.999997 -2.30809e-15  533 -0 0 -0  
22 4 21 -5.41092e-21 5.41092e-21 2.34432e-06  23 -6.7831e-22 6.7831e-22 2.93883e-07  71 -2.30809e-15 2.30809e-15 0.999997  533 -0 0 0  
23 4 21 2.34432e-06 1.08218e-20 5.41092e-21  23 2.93883e-07 1.35662e-21 6.7831e-22  71 0.999997 4.61618e-15 2.30809e-15  533 0 0 0  
24 4 29 4.44079e-15 1 -1.55428e-14  65 -1.53065e-20 -3.4468e-06 5.35726e-20  66 5.4073e-21 1.21765e-06 -1.89255e-20  539 1.2182e-35 2.74322e-21 -4.26372e-35  
25 4 29 -1.55428e-14 1.55428e-14 1  65 5.35726e-20 -5.35726e-20 -3.4468e-06  66 -1.89255e-20 1.89255e-20 1.21765e-06  539 -4.26372e-35 4.26372e-35 2.74322e-21  
26 4 29 1 -4.44079e-15 1.55428e-14  65 -3.4468e-06 1.53065e-20 -5.35726e-20  66 1.21765e-06 -5.4073e-21 1.89255e-20  539 2.74322e-21 -1.2182e-35 4.26372e-35  
27 4 67 -9.14247e-15 1 -2.7856e-14  68 3.31489e-21 -3.62581e-07 1.01e-20  481 -5.84369e-21 6.39181e-07 -1.7805e-20  545 -0 0 -0  
28 4 67 -2.7856e-14 2.7856e-14 1  68 1.01e-20 -1.01e-20 -3.62581e-07  481 -1.7805e-20 1.7805e-20 6.39181e-07  545 -0 0 0  
29 4 67 1 9.14247e-15 2.7856e-14  68 -3.62581e-07 -3.31489e-21 -1.01e-20  481 6.39181e-07 5.84369e-21 1.7805e-20  545 0 0 0  
30 4 33 8.88149e-15 1 -1.63752e-14  35 0 0 -0  68 9.86043e-31 1.11022e-16 -1.81802e-30  545 0 0 -0  
31 4 33 -1.63752e-14 1.63752e-14 1  35 -0 0 0  68 -1.81802e-30 1.81802e-30 1.11022e-16  545 -0 0 0  
32 4 33 1 -8.88149e-15 1.63752e-14  35 0 -0 0  68 1.11022e-16 -9.86043e-31 1.81802e-30  545 0 -0 0  
33 4 31 -4.44072e-15 0.999998 1.33222e-14  33 -1.51314e-21 3.40742e-07 4.53943e-21  67 -5.85475e-21 1.31842e-06 1.75643e-20  543 -0 0 0  
34 4 31 1.33222e-14 -1.33222e-14 0.999998  33 4.53943e-21 -4.53943e-21 3.40742e-07  67 1.75643e-20 -1.75643e-20 1.31842e-06  543 0 -0 0  
35 4 31 0.999998 4.44072e-15 -1.33222e-14  33 3.40742e-07 1.51314e-21 -4.53943e-21  67 1.31842e-06 5.85475e-21 -1.75643e-20  543 0 0 -0  
36 4 80 -9.40153e-15 1 2.35038e-15  87 -4.85469e-21 5.16372e-07 1.21367e-21  490 3.67751e-21 -3.9116e-07 -9.19377e-22  605 5.21919e-37 -5.55142e-23 -1.3048e-37  
37 4 80 2.35038e-15 -2.35038e-15 1  87 1.21367e-21 -1.21367e-21 5.16372e-07  490 -9.19377e-22 9.19377e-22 -3.9116e-07  605 -1.3048e-37 1.3048e-37 -5.55142e-23  
38 4 80 1 9.40153e-15 -2.35038e-15  87 5.16372e-07 4.85469e-21 -1.21367e-21  490 -3.9116e-07 -3.67751e-21 9.19377e-22  605 -5.55142e-23 -5.21919e-37 1.3048e-37  
39 4 29 -2.84821e-20 2.09017e-06 1.66146e-20  65 -1.36267e-14 0.999997 7.94889e-15  66 -1.49831e-20 1.09954e-06 8.74016e-21  539 -3.45929e-35 2.53861e-21 2.01792e-35  
40 4 29 1.66146e-20 -1.66146e-20 2.09017e-06  65 7.94889e-15 -7.94889e-15 0.999997  66 8.74016e-21 -8.74016e-21 1.09954e-06  539 2.01792e-35 -2.01792e-35 2.53861e-21  
41 4 29 2.09017e-06 2.84821e-20 -1.66146e-20  65 0.999997 1.36267e-14 -7.94889e-15  66 1.09954e-06 1.49831e-20 -8.74016e-21  539 2.53861e-21 3.45929e-35 -2.01792e-35  
42 4 83 -2.21458e-20 1.17864e-06 -1.79934e-20  84 -1.87892e-14 0.999999 -1.52663e-14  494 -3.83724e-21 2.04225e-07 -3.11776e-21  594 -9.26609e-36 4.93158e-22 -7.52869e-36  
43 4 83 -1.79934e-20 1.79934e-20 1.17864e-06  84 -1.52663e-14 1.52663e-14 0.999999  494 -3.11776e-21 3.11776e-21 2.04225e-07  594 -7.52869e-36 7.52869e-36 4.93158e-22  
44 4 83 1.17864e-06 2.21458e-20 1.79934e-20  84 0.999999 1.87892e-14 1.52663e-14  494 2.04225e-07 3.83724e-21 3.11776e-21  594 4.93158e-22 9.26609e-36 7.52869e-36  
45 4 74 -3.50798e-21 7.57586e-07 6.57746e-22  75 -4.63045e-15 0.999997 8.6821e-16  486 -9.30527e-21 2.00957e-06 1.74474e-21  598 -0 0 0  
46 4 74 6.57746e-22 -6.57746e-22 7.57586e-07  75 8.6821e-16 -8.6821e-16 0.999997  486 1.74474e-21 -1.74474e-21 2.00957e-06  598 0 -0 0  
47 4 74 7.57586e-07 3.50798e-21 -6.57746e-22  75 0.999997 4.63045e-15 -8.6821e-16  486 2.00957e-06 9.30527e-21 -1.74474e-21  598 0 0 -0  
48 4 47 -4.44055e-15 0.999996 -8.88111e-15  49 -8.59031e-21 1.93451e-06 -1.71806e-20  84 -6.95192e-21 1.56555e-06 -1.39038e-20  559 -0 0 -0  
49 4 47 -8.88111e-15 8.88111e-15 0.999996  49 -1.71806e-20 1.71806e-20 1.93451e-06  84 -1.39038e-20 1.39038e-20 1.56555e-06  559 -0 0 0  
50 4 47 0.999996 4.44055e-15 8.88111e-15  49 1.93451e-06 8.59031e-21 1.71806e-20  84 1.56555e-06 6.95192e-21 1.39038e-20  559 0 0 0  
51 4 83 4.68517e-15 0.999997 2.04976e-15  84 4.61059e-21 9.84078e-07 2.01713e-21  488 8.20182e-21 1.75059e-06 3.5883e-21  594 -1.92913e-36 -4.11752e-22 -8.43996e-37  
52 4 83 2.04976e-15 -2.04976e-15 0.999997  84 2.01713e-21 -2.01713e-21 9.84078e-07  488 3.5883e-21 -3.5883e-21 1.75059e-06  594 -8.43996e-37 8.43996e-37 -4.11752e-22  
53 4 83 0.999997 -4.68517e-15 -2.04976e-15  84 9.84078e-07 -4.61059e-21 -2.01713e-21  488 1.75059e-06 -8.20182e-21 -3.5883e-21  594 -4.11752e-22 1.92913e-36 8.43996e-37  
54 4 35 -0 3.59962e-06 3.99591e-21  37 -0 1 1.11009e-15  478 0 -4.12453e-06 -4.5786e-21  547 -0 1.11022e-16 1.23245e-31  
55 4 35 3.99591e-21 -3.99591e-21 3.59962e-06  37 1.11009e-15 -1.11009e-15 1  478 -4.5786e-21 4.5786e-21 -4.12453e-06  547 1.23245e-31 -1.23245e-31 1.11022e-16  
56 4 35 3.59962e-06 4.43582e-36 -3.99591e-21  37 1 1.2323e-30 -1.11009e-15  478 -4.12453e-06 -5.08267e-36 4.5786e-21  547 1.11022e-16 1.36813e-46 -1.23245e-31  
57 4 33 -0 1.96244e-06 1.25264e-20  35 -0 0.999997 6.38306e-15  68 -0 1.37198e-06 8.75743e-21  545 -0 0 0  
58 4 33 1.25264e-20 -1.25264e-20 1.96244e-06  35 6.38306e-15 -6.38306e-15 0.999997  68 8.75743e-21 -8.75743e-21 1.37198e-06  545 0 -0 0  
59 4 33 1.96244e-06 7.99569e-35 -1.25264e-20  35 0.999997 4.07436e-29 -6.38306e-15  68 1.37198e-06 5.58994e-35 -8.75743e-21  545 0 0 -0  
60 4 37 2.00097e-20 2.25292e-06 -3.12652e-20  39 8.88171e-15 1 -1.38777e-14  479 -4.06666e-20 -4.5787e-06 6.35415e-20  549 0 0 -0  
61 4 37 -3.12652e-20 3.12652e-20 2.25292e-06  39 -1.38777e-14 1.38777e-14 1  479 6.35415e-20 -6.35415e-20 -4.5787e-06  549 -0 0 0  
62 4 37 2.25292e-06 -2.00097e-20 3.12652e-20  39 1 -8.88171e-15 1.38777e-14  479 -4.5787e-06 4.06666e-20 -6.35415e-20  549 0 -0 0  
63 4 39 3.79099e-22 4.19808e-08 3.79099e-22  70 9.0302e-15 0.999988 9.0302e-15  480 1.08315e-19 1.19946e-05 1.08315e-19  551 3.01716e-37 3.34115e-23 3.01716e-37  
64 4 39 3.79099e-22 -3.79099e-22 4.19808e-08  70 9.0302e-15 -9.0302e-15 0.999988  480 1.08315e-19 -1.08315e-19 1.19946e-05  551 3.01716e-37 -3.01716e-37 3.34115e-23  
65 4 39 4.19808e-08 -3.79099e-22 -3.79099e-22  70 0.999988 -9.0302e-15 -9.0302e-15  480 1.19946e-05 -1.08315e-19 -1.08315e-19  551 3.34115e-23 -3.01716e-37 -3.01716e-37  
66 4 39 -0 0 -0  41 -4.44094e-15 1.00002 -1.05472e-14  480 7.54747e-20 -1.69955e-05 1.79252e-19  551 -0 0 -0  
67 4 39 -0 0 0  41 -1.05472e-14 1.05472e-14 1.00002  480 1.79252e-19 -1.79252e-19 -1.69955e-05  551 -0 0 0  
68 4 39 0 0 0  41 1.00002 4.44094e-15 1.05472e-14  480 -1.69955e-05 -7.54747e-20 -1.79252e-19  551 0 0 0  
69 4 45 -4.4409e-15 1 8.88181e-15  77 1.72891e-20 -3.89316e-06 -3.45783e-20  489 -1.43183e-20 3.22419e-06 2.86366e-20  555 -0 0 0  
70 4 45 8.88181e-15 -8.88181e-15 1  77 -3.45783e-20 3.45783e-20 -3.89316e-06  489 2.86366e-20 -2.86366e-20 3.22419e-06  555 0 -0 0  
71 4 45 1 4.4409e-15 -8.88181e-15  77 -3.89316e-06 -1.72891e-20 3.45783e-20  489 3.22419e-06 1.43183e-20 -2.86366e-20  555 0 0 -0  
72 4 45 2.27951e-20 2.4514e-06 -5.84123e-20  77 9.29876e-15 0.999997 -2.38281e-14  484 1.15341e-21 1.24039e-07 -2.95561e-21  555 0 0 -0  
73 4 45 -5.84123e-20 5.84123e-20 2.4514e-06  77 -2.38281e-14 2.38281e-14 0.999997  484 -2.95561e-21 2.95561e-21 1.24039e-07  555 -0 0 0  
74 4 45 2.4514e-06 -2.27951e-20 5.84123e-20  77 0.999997 -9.29876e-15 2.38281e-14  484 1.24039e-07 -1.15341e-21 2.95561e-21  555 0 -0 0  
75 4 43 8.88182e-15 1 -1.66534e-14  70 -2.18492e-20 -2.46e-06 4.09672e-20  484 1.04436e-21 1.17585e-07 -1.95818e-21  553 -9.86078e-31 -1.11022e-16 1.8489e-30  
76 4 43 -1.66534e-14 1.66534e-14 1  70 4.09672e-20 -4.09672e-20 -2.46e-06  484 -1.95818e-21 1.95818e-21 1.17585e-07  553 1.8489e-30 -1.8489e-30 -1.11022e-16  
77 4 43 1 -8.88182e-15 1.66534e-14  70 -2.46e-06 2.18492e-20 -4.09672e-20  484 1.17585e-07 -1.04436e-21 1.95818e-21  553 -1.11022e-16 9.86078e-31 -1.8489e-30  
78 4 11 -8.8817e-15 1 3.33064e-15  106 2.18489e-20 -2.45999e-06 -8.19333e-21  505 -1.04433e-21 1.17582e-07 3.91623e-22  521 -0 0 0  
79 4 11 3.33064e-15 -3.33064e-15 1  106 -8.19333e-21 8.19333e-21 -2.45999e-06  505 3.91623e-22 -3.91623e-22 1.17582e-07  521 0 -0 0  
80 4 11 1 8.8817e-15 -3.33064e-15  106 -2.45999e-06 -2.18489e-20 8.19333e-21  505 1.17582e-07 1.04433e-21 -3.91623e-22  521 0 0 -0  
81 4 15 4.4408e-15 0.999996 -1.22122e-14  17 8.59079e-21 1.93451e-06 -2.36247e-20  92 6.9523e-21 1.56555e-06 -1.91188e-20  527 0 0 -0  
82 4 15 -1.22122e-14 1.22122e-14 0.999996  17 -2.36247e-20 2.36247e-20 1.93451e-06  92 -1.91188e-20 1.91188e-20 1.56555e-06  527 -0 0 0  
83 4 15 0.999996 -4.4408e-15 1.22122e-14  17 1.93451e-06 -8.59079e-21 2.36247e-20  92 1.56555e-06 -6.9523e-21 1.91188e-20  527 0 -0 0  
84 4 15 -0 0 -0  17 -0 1 -0  92 -0 0 -0  527 -0 0 -0  
85 4 15 -0 0 0  17 -0 0 1  92 -0 0 0  527 -0 0 0  
86 4 15 0 0 0  17 1 0 0  92 0 0 0  527 0 0 0  
87 4 86 9.31873e-15 0.999999 1.28133e-14  87 3.60125e-21 3.86453e-07 4.95172e-21  496 3.07896e-21 3.30405e-07 4.23356e-21  578 0 0 0  
88 4 86 1.28133e-14 -1.28133e-14 0.999999  87 4.95172e-21 -4.95172e-21 3.86453e-07  496 4.23356e-21 -4.23356e-21 3.30405e-07  578 0 -0 0  
89 4 86 0.999999 -9.31873e-15 -1.28133e-14  87 3.86453e-07 -3.60125e-21 -4.95172e-21  496 3.30405e-07 -3.07896e-21 -4.23356e-21  578 0 -0 -0  
90 4 92 4.64725e-15 0.999999 -1.16181e-15  93 1.75028e-21 3.76627e-07 -4.3757e-22  495 1.37551e-21 2.95983e-07 -3.43878e-22  595 0 0 -0  
91 4 92 -1.16181e-15 1.16181e-15 0.999999  93 -4.3757e-22 4.3757e-22 3.76627e-07  495 -3.43878e-22 3.43878e-22 2.95983e-07  595 -0 0 0  
92 4 92 0.999999 -4.64725e-15 1.16181e-15  93 3.76627e-07 -1.75028e-21 4.3757e-22  495 2.95983e-07 -1.37551e-21 3.43878e-22  595 0 -0 0  
93 4 13 -4.44084e-15 1 -1.11021e-14  99 1.72889e-20 -3.89316e-06 4.32222e-20  500 -1.43181e-20 3.22419e-06 -3.57952e-20  523 -1.4791e-30 3.33067e-16 -3.69774e-30  
94 4 13 -1.11021e-14 1.11021e-14 1  99 4.32222e-20 -4.32222e-20 -3.89316e-06  500 -3.57952e-20 3.57952e-20 3.22419e-06  523 -3.69774e-30 3.69774e-30 3.33067e-16  
95 4 13 1 4.44084e-15 1.11021e-14  99 -3.89316e-06 -1.72889e-20 -4.32222e-20  500 3.22419e-06 1.43181e-20 3.57952e-20  523 3.33067e-16 1.4791e-30 3.69774e-30  
96 4 7 0 -1.38778e-17 -4.62219e-32  9 -0 1.00002 3.3307e-15  509 0 -1.69955e-05 -5.66058e-20  519 0 -7.77156e-16 -2.58843e-30  
97 4 7 -4.62219e-32 4.62219e-32 -1.38778e-17  9 3.3307e-15 -3.3307e-15 1.00002  509 -5.66058e-20 5.66058e-20 -1.69955e-05  519 -2.58843e-30 2.58843e-30 -7.77156e-16  
98 4 7 -1.38778e-17 -1.53948e-46 4.62219e-32  9 1.00002 1.10933e-29 -3.3307e-15  509 -1.69955e-05 -1.88533e-34 5.66058e-20  519 -7.77156e-16 -8.62111e-45 2.58843e-30  
99 4 11 -6.26926e-22 1.36326e-07 -1.64568e-21  106 -4.59866e-15 0.999989 -1.20715e-14  509 -5.0725e-20 1.10303e-05 -1.33153e-19  521 -0 0 -0  
100 4 11 -1.64568e-21 1.64568e-21 1.36326e-07  106 -1.20715e-14 1.20715e-14 0.999989  509 -1.33153e-19 1.33153e-19 1.10303e-05  521 -0 0 0  
101 4 11 1.36326e-07 6.26926e-22 1.64568e-21  106 0.999989 4.59866e-15 1.20715e-14  509 1.10303e-05 5.0725e-20 1.33153e-19  521 0 0 0  
102 4 88 9.36394e-15 1 5.41353e-15  95 7.07653e-23 7.55721e-09 4.09112e-23  497 1.88143e-21 2.00923e-07 1.0877e-21  602 0 0 0  
103 4 88 5.41353e-15 -5.41353e-15 1  95 4.09112e-23 -4.09112e-23 7.55721e-09  497 1.0877e-21 -1.0877e-21 2.00923e-07  602 0 -0 0  
104 4 88 1 -9.36394e-15 -5.41353e-15  95 7.55721e-09 -7.07653e-23 -4.09112e-23  497 2.00923e-07 -1.88143e-21 -1.0877e-21  602 0 -0 -0  
105 4 100 4.71255e-15 1 1.23705e-14  101 9.67979e-22 2.05404e-07 2.54094e-21  502 2.78211e-22 5.90362e-08 7.30304e-22  581 0 0 0  
106 4 100 1.23705e-14 -1.23705e-14 1  101 2.54094e-21 -2.54094e-21 2.05404e-07  502 7.30304e-22 -7.30304e-22 5.90362e-08  581 0 -0 0  
107 4 100 1 -4.71255e-15 -1.23705e-14  101 2.05404e-07 -9.67979e-22 -2.54094e-21  502 5.90362e-08 -2.78211e-22 -7.30304e-22  581 0 -0 -0  
108 4 87 -1.12003e-21 2.37761e-07 -6.30015e-22  94 -4.71071e-15 0.999999 -2.64978e-15  497 -1.7472e-21 3.709e-07 -9.82802e-22  602 -0 0 -0  
109 4 87 -6.30015e-22 6.30015e-22 2.37761e-07  94 -2.64978e-15 2.64978e-15 0.999999  497 -9.82802e-22 9.82802e-22 3.709e-07  602 -0 0 0  
110 4 87 2.37761e-07 1.12003e-21 6.30015e-22  94 0.999999 4.71071e-15 2.64978e-15  497 3.709e-07 1.7472e-21 9.82802e-22  602 0 0 0  
111 4 5 -1.0005e-20 2.25292e-06 -2.37618e-20  7 -4.4409e-15 1 -1.05471e-14  510 2.03335e-20 -4.5787e-06 4.82921e-20  517 -0 0 -0  
112 4 5 -2.37618e-20 2.37618e-20 2.25292e-06  7 -1.05471e-14 1.05471e-14 1  510 4.82921e-20 -4.82921e-20 -4.5787e-06  517 -0 0 0  
113 4 5 2.25292e-06 1.0005e-20 2.37618e-20  7 1 4.4409e-15 1.05471e-14  510 -4.5787e-06 -2.03335e-20 -4.82921e-20  517 0 0 0  
114 4 1 -1.743e-20 1.96244e-06 -1.743e-20  3 -8.88177e-15 0.999997 -8.88177e-15  108 -1.21856e-20 1.37198e-06 -1.21856e-20  513 -0 0 -0  
115 4 1 -1.743e-20 1.743e-20 1.96244e-06  3 -8.88177e-15 8.88177e-15 0.999997  108 -1.21856e-20 1.21856e-20 1.37198e-06  513 -0 0 0  
116 4 1 1.96244e-06 1.743e-20 1.743e-20  3 0.999997 8.88177e-15 8.88177e-15  108 1.37198e-06 1.21856e-20 1.21856e-20  513 0 0 0  
117 4 108 -9.35187e-15 0.999998 -8.18289e-15  109 -1.05485e-20 1.12795e-06 -9.2299e-21  508 -1.08679e-20 1.16211e-06 -9.50945e-21  513 -0 0 -0  
118 4 108 -8.18289e-15 8.18289e-15 0.999998  109 -9.2299e-21 9.2299e-21 1.12795e-06  508 -9.50945e-21 9.50945e-21 1.16211e-06  513 -0 0 0  
119 4 108 0.999998 9.35187e-15 8.18289e-15  109 1.12795e-06 1.05485e-20 9.2299e-21  508 1.16211e-06 1.08679e-20 9.50945e-21  513 0 0 0  
120 4 3 -6.39421e-20 3.59962e-06 -7.99276e-21  5 -1.77636e-14 1 -2.22045e-15  511 7.32663e-20 -4.12453e-06 9.15829e-21  515 -0 0 -0  
121 4 3 -7.99276e-21 7.99276e-21 3.59962e-06  5 -2.22045e-15 2.22045e-15 1  511 9.15829e-21 -9.15829e-21 -4.12453e-06  515 -0 0 0  
122 4 3 3.59962e-06 6.39421e-20 7.99276e-21  5 1 1.77636e-14 2.22045e-15  511 -4.12453e-06 -7.32663e-20 -9.15829e-21  515 0 0 0  
123 4 95 1.65054e-21 3.54167e-07 -2.16634e-21  102 4.66035e-15 1 -6.11671e-15  503 4.78944e-22 1.0277e-07 -6.28614e-22  582 1.37565e-36 2.9518e-22 -1.80553e-36  
124 4 95 -2.16634e-21 2.16634e-21 3.54167e-07  102 -6.11671e-15 6.11671e-15 1  503 -6.28614e-22 6.28614e-22 1.0277e-07  582 -1.80553e-36 1.80553e-36 2.9518e-22  
125 4 95 3.54167e-07 -1.65054e-21 2.16634e-21  102 1 -4.66035e-15 6.11671e-15  503 1.0277e-07 -4.78944e-22 6.28614e-22  582 2.9518e-22 -1.37565e-36 1.80553e-36  
126 4 1 1.51321e-21 3.40743e-07 -4.82336e-21  63 4.44091e-15 0.999998 -1.41554e-14  109 5.855e-21 1.31842e-06 -1.86628e-20  575 0 0 -0  
127 4 1 -4.82336e-21 4.82336e-21 3.40743e-07  63 -1.41554e-14 1.41554e-14 0.999998  109 -1.86628e-20 1.86628e-20 1.31842e-06  575 -0 0 0  
128 4 1 3.40743e-07 -1.51321e-21 4.82336e-21  63 0.999998 -4.44091e-15 1.41554e-14  109 1.31842e-06 -5.855e-21 1.86628e-20  575 0 -0 0  
129 4 1 -4.4409e-15 1 9.99203e-15  108 -0 0 0  109 -0 0 0  513 -0 0 0  
130 4 1 9.99203e-15 -9.99203e-15 1  108 0 -0 0  109 0 -0 0  513 0 -0 0  
131 4 1 1 4.4409e-15 -9.99203e-15  108 0 0 -0  109 0 0 -0  513 0 0 -0  
132 4 89 -5.60966e-22 3.02542e-08 7.01207e-23  96 -1.85417e-14 0.999999 2.31772e-15  498 -1.03533e-20 5.5838e-07 1.29417e-21  597 -0 0 0  
133 4 89 7.01207e-23 -7.01207e-23 3.02542e-08  96 2.31772e-15 -2.31772e-15 0.999999  498 1.29417e-21 -1.29417e-21 5.5838e-07  597 0 -0 0  
134 4 89 3.02542e-08 5.60966e-22 -7.01207e-23  96 0.999999 1.85417e-14 -2.31772e-15  498 5.5838e-07 1.03533e-20 -1.29417e-21  597 0 0 -0  
135 4 103 4.3719e-21 4.8081e-07 -1.98102e-21  104 9.09277e-15 1 -4.12016e-15  111 -5.96059e-22 -6.5553e-08 2.70089e-22  569 -6.0102e-36 -6.60986e-22 2.72337e-36  
136 4 103 -1.98102e-21 1.98102e-21 4.8081e-07  104 -4.12016e-15 4.12016e-15 1  111 2.70089e-22 -2.70089e-22 -6.5553e-08  569 2.72337e-36 -2.72337e-36 -6.60986e-22  
137 4 103 4.8081e-07 -4.3719e-21 1.98102e-21  104 1 -9.09277e-15 4.12016e-15  111 -6.5553e-08 5.96059e-22 -2.70089e-22  569 -6.60986e-22 6.0102e-36 -2.72337e-36  
138 4 61 -4.44099e-15 1 5.96758e-15  110 -5.40754e-21 1.21765e-06 7.26639e-21  111 1.53072e-20 -3.4468e-06 -2.0569e-20  571 -0 0 0  
139 4 61 5.96758e-15 -5.96758e-15 1  110 7.26639e-21 -7.26639e-21 1.21765e-06  111 -2.0569e-20 2.0569e-20 -3.4468e-06  571 0 -0 0  
140 4 61 1 4.44099e-15 -5.96758e-15  110 1.21765e-06 5.40754e-21 -7.26639e-21  111 -3.4468e-06 -1.53072e-20 2.0569e-20  571 0 0 -0  
141 4 59 -8.88196e-15 0.999999 -7.49416e-15  61 -2.09136e-20 2.35461e-06 -1.76459e-20  111 1.57293e-20 -1.77093e-06 1.32716e-20  571 -0 0 -0  
142 4 59 -7.49416e-15 7.49416e-15 0.999999  61 -1.76459e-20 1.76459e-20 2.35461e-06  111 1.32716e-20 -1.32716e-20 -1.77093e-06  571 -0 0 0  
143 4 59 0.999999 8.88196e-15 7.49416e-15  61 2.35461e-06 2.09136e-20 1.76459e-20  111 -1.77093e-06 -1.57293e-20 -1.32716e-20  571 0 0 0  
144 4 102 -0 3.25143e-07 2.24682e-21  109 -0 1.36825e-06 9.45494e-21  110 -0 0.999998 6.91023e-15  477 -0 0 0  
145 4 102 2.24682e-21 -2.24682e-21 3.25143e-07  109 9.45494e-21 -9.45494e-21 1.36825e-06  110 6.91023e-15 -6.91023e-15 0.999998  477 0 -0 0  
146 4 102 3.25143e-07 1.5526e-35 -2.24682e-21  109 1.36825e-06 6.53359e-35 -9.45494e-21  110 0.999998 4.77513e-29 -6.91023e-15  477 0 0 -0  
147 4 97 -9.93239e-21 7.33061e-07 -1.28293e-20  98 -1.35492e-14 0.999999 -1.7501e-14  105 -2.16469e-21 1.59765e-07 -2.79606e-21  565 -3.76066e-30 2.77556e-16 -4.85752e-30  
148 4 97 -1.28293e-20 1.28293e-20 7.33061e-07  98 -1.7501e-14 1.7501e-14 0.999999  105 -2.79606e-21 2.79606e-21 1.59765e-07  565 -4.85752e-30 4.85752e-30 2.77556e-16  
149 4 97 7.33061e-07 9.93239e-21 1.28293e-20  98 0.999999 1.35492e-14 1.7501e-14  105 1.59765e-07 2.16469e-21 2.79606e-21  565 2.77556e-16 3.76066e-30 4.85752e-30  
150 4 89 9.89129e-21 7.09408e-07 -3.2971e-21  90 1.3943e-14 0.999999 -4.64767e-15  499 1.6302e-21 1.16919e-07 -5.434e-22  579 0 0 -0  
151 4 89 -3.2971e-21 3.2971e-21 7.09408e-07  90 -4.64767e-15 4.64767e-15 0.999999  499 -5.434e-22 5.434e-22 1.16919e-07  579 -0 0 0  
152 4 89 7.09408e-07 -9.89129e-21 3.2971e-21  90 0.999999 -1.3943e-14 4.64767e-15  499 1.16919e-07 -1.6302e-21 5.434e-22  579 0 -0 0  
153 4 49 1.33231e-14 1 -7.77182e-15  84 1.47916e-30 1.11022e-16 -8.62845e-31  91 0 0 -0  559 0 0 -0  
154 4 49 -7.77182e-15 7.77182e-15 1  84 -8.62845e-31 8.62845e-31 1.11022e-16  91 -0 0 0  559 -0 0 0  
155 4 49 1 -1.33231e-14 7.77182e-15  84 1.11022e-16 -1.47916e-30 8.62845e-31  91 0 -0 0  559 0 -0 0  
156 4 49 3.76057e-21 1.4113e-07 4.1523e-21  51 2.66461e-14 0.999998 2.94217e-14  91 4.04497e-20 1.51803e-06 4.46632e-20  561 0 0 0  
157 4 49 4.1523e-21 -4.1523e-21 1.4113e-07  51 2.94217e-14 -2.94217e-14 0.999998  91 4.46632e-20 -4.46632e-20 1.51803e-06  561 0 -0 0  
158 4 49 1.4113e-07 -3.76057e-21 -4.1523e-21  51 0.999998 -2.66461e-14 -2.94217e-14  91 1.51803e-06 -4.04497e-20 -4.46632e-20  561 0 -0 -0  
159 4 53 -1.33227e-14 1 -2.44249e-14  98 -1.76889e-20 1.32773e-06 -3.24296e-20  105 4.99669e-20 -3.75052e-06 9.1606e-20  565 -1.84889e-30 1.38778e-16 -3.38963e-30  
160 4 53 -2.44249e-14 2.44249e-14 1  98 -3.24296e-20 3.24296e-20 1.32773e-06  105 9.1606e-20 -9.1606e-20 -3.75052e-06  565 -3.38963e-30 3.38963e-30 1.38778e-16  
161 4 53 1 1.33227e-14 2.44249e-14  98 1.32773e-06 1.76889e-20 3.24296e-20  105 -3.75052e-06 -4.99669e-20 -9.1606e-20  565 1.38778e-16 1.84889e-30 3.38963e-30  
162 4 57 4.44091e-15 1 1.55432e-14  59 -9.18248e-22 -2.06771e-07 -3.21387e-21  112 -2.11734e-20 -4.76783e-06 -7.41068e-20  569 0 0 0  
163 4 57 1.55432e-14 -1.55432e-14 1  59 -3.21387e-21 3.21387e-21 -2.06771e-07  112 -7.41068e-20 7.41068e-20 -4.76783e-06  569 0 -0 0  
164 4 57 1 -4.44091e-15 -1.55432e-14  59 -2.06771e-07 9.18248e-22 3.21387e-21  112 -4.76783e-06 2.11734e-20 7.41068e-20  569 0 -0 -0  
165 4 57 -7.00173e-20 7.68894e-06 -4.59488e-20  59 -3.89747e-21 4.28e-07 -2.55771e-21  112 -9.10615e-15 0.999992 -5.97591e-15  569 -0 0 -0  
166 4 57 -4.59488e-20 4.59488e-20 7.68894e-06  59 -2.55771e-21 2.55771e-21 4.28e-07  112 -5.97591e-15 5.97591e-15 0.999992  569 -0 0 0  
167 4 57 7.68894e-06 7.00173e-20 4.59488e-20  59 4.28e-07 3.89747e-21 2.55771e-21  112 0.999992 9.10615e-15 5.97591e-15  569 0 0 0  
168 4 55 -0 1 -9.43692e-15  105 -0 4.48599e-08 -4.23338e-22  112 0 -2.45675e-06 2.31841e-20  567 -0 7.14058e-23 -6.73849e-37  
169 4 55 -9.43692e-15 9.43692e-15 1  105 -4.23338e-22 4.23338e-22 4.48599e-08  112 2.31841e-20 -2.31841e-20 -2.45675e-06  567 -6.73849e-37 6.73849e-37 7.14058e-23  
170 4 55 1 8.90552e-29 9.43692e-15  105 4.48599e-08 3.995e-36 4.23338e-22  112 -2.45675e-06 -2.18786e-34 -2.31841e-20  567 7.14058e-23 6.35904e-51 6.73849e-37  

/DeformableCone/ElasticMaterialObject/dofs.showColor = 1 1 1 1
/Floor/Collision/TriangleCollisionModel.color = 0 1 0.498039 1
